2016-08-04 14:35:31,262 [Worker-585] INFO  o.e.m.c.i.l.LifecycleMappingFactory - Using org.eclipse.m2e.jdt.JarLifecycleMapping lifecycle mapping for MavenProject: org.sg.selenium:maven-test:0.0.1-SNAPSHOT @ D:\Selenium\ThirdExercise\maven-test\pom.xml.
2016-08-04 14:35:34,851 [Worker-585] INFO  o.e.m.j.i.AbstractJavaProjectConfigurator - Adding source folder /maven-test/src/main/java
2016-08-04 14:35:34,852 [Worker-585] INFO  o.e.m.j.i.AbstractJavaProjectConfigurator - Adding resource folder /maven-test/src/main/resources
2016-08-04 14:35:34,853 [Worker-585] INFO  o.e.m.j.i.AbstractJavaProjectConfigurator - Adding source folder /maven-test/src/test/java
2016-08-04 14:35:34,853 [Worker-585] INFO  o.e.m.j.i.AbstractJavaProjectConfigurator - Adding resource folder /maven-test/src/test/resources
2016-08-04 14:35:36,086 [Worker-589] WARN  o.e.m.c.i.embedder.EclipseLogger - Using platform encoding (Cp1252 actually) to copy filtered resources, i.e. build is platform dependent!
2016-08-04 14:35:36,169 [Worker-589] INFO  o.e.m.c.i.embedder.EclipseLogger - Copying 0 resource
2016-08-04 14:35:36,172 [Worker-589] WARN  o.e.m.c.i.embedder.EclipseLogger - Using platform encoding (Cp1252 actually) to copy filtered resources, i.e. build is platform dependent!
2016-08-04 14:35:36,180 [Worker-589] INFO  o.e.m.c.i.embedder.EclipseLogger - Copying 0 resource
2016-08-04 14:37:11,870 [Worker-584] WARN  o.e.m.c.i.embedder.EclipseLogger - Using platform encoding (Cp1252 actually) to copy filtered resources, i.e. build is platform dependent!
2016-08-04 14:37:11,899 [Worker-584] INFO  o.e.m.c.i.embedder.EclipseLogger - Copying 0 resource
2016-08-04 14:37:11,901 [Worker-584] WARN  o.e.m.c.i.embedder.EclipseLogger - Using platform encoding (Cp1252 actually) to copy filtered resources, i.e. build is platform dependent!
2016-08-04 14:37:11,908 [Worker-584] INFO  o.e.m.c.i.embedder.EclipseLogger - Copying 0 resource
2016-08-04 14:37:23,701 [Worker-584] WARN  o.e.m.c.i.embedder.EclipseLogger - Using platform encoding (Cp1252 actually) to copy filtered resources, i.e. build is platform dependent!
2016-08-04 14:37:23,711 [Worker-584] INFO  o.e.m.c.i.embedder.EclipseLogger - Copying 0 resource
2016-08-04 14:37:23,713 [Worker-584] WARN  o.e.m.c.i.embedder.EclipseLogger - Using platform encoding (Cp1252 actually) to copy filtered resources, i.e. build is platform dependent!
2016-08-04 14:37:23,721 [Worker-584] INFO  o.e.m.c.i.embedder.EclipseLogger - Copying 0 resource
2016-08-04 14:37:32,928 [Worker-588] WARN  o.e.m.c.i.embedder.EclipseLogger - Using platform encoding (Cp1252 actually) to copy filtered resources, i.e. build is platform dependent!
2016-08-04 14:37:32,933 [Worker-588] INFO  o.e.m.c.i.embedder.EclipseLogger - Copying 0 resource
2016-08-04 14:37:32,934 [Worker-588] WARN  o.e.m.c.i.embedder.EclipseLogger - Using platform encoding (Cp1252 actually) to copy filtered resources, i.e. build is platform dependent!
2016-08-04 14:37:32,940 [Worker-588] INFO  o.e.m.c.i.embedder.EclipseLogger - Copying 0 resource
2016-08-04 14:37:59,202 [Worker-589] WARN  o.e.m.c.i.embedder.EclipseLogger - Using platform encoding (Cp1252 actually) to copy filtered resources, i.e. build is platform dependent!
2016-08-04 14:37:59,213 [Worker-589] INFO  o.e.m.c.i.embedder.EclipseLogger - Copying 0 resource
2016-08-04 14:37:59,215 [Worker-589] WARN  o.e.m.c.i.embedder.EclipseLogger - Using platform encoding (Cp1252 actually) to copy filtered resources, i.e. build is platform dependent!
2016-08-04 14:37:59,246 [Worker-589] INFO  o.e.m.c.i.embedder.EclipseLogger - Copying 0 resource
2016-08-04 14:38:08,883 [Worker-590] WARN  o.e.m.c.i.embedder.EclipseLogger - Using platform encoding (Cp1252 actually) to copy filtered resources, i.e. build is platform dependent!
2016-08-04 14:38:08,893 [Worker-590] INFO  o.e.m.c.i.embedder.EclipseLogger - Copying 0 resource
2016-08-04 14:38:08,895 [Worker-590] WARN  o.e.m.c.i.embedder.EclipseLogger - Using platform encoding (Cp1252 actually) to copy filtered resources, i.e. build is platform dependent!
2016-08-04 14:38:08,900 [Worker-590] INFO  o.e.m.c.i.embedder.EclipseLogger - Copying 0 resource
2016-08-04 14:38:19,155 [Worker-585] WARN  o.e.m.c.i.embedder.EclipseLogger - Using platform encoding (Cp1252 actually) to copy filtered resources, i.e. build is platform dependent!
2016-08-04 14:38:19,162 [Worker-585] INFO  o.e.m.c.i.embedder.EclipseLogger - Copying 0 resource
2016-08-04 14:38:19,164 [Worker-585] WARN  o.e.m.c.i.embedder.EclipseLogger - Using platform encoding (Cp1252 actually) to copy filtered resources, i.e. build is platform dependent!
2016-08-04 14:38:19,172 [Worker-585] INFO  o.e.m.c.i.embedder.EclipseLogger - Copying 0 resource
2016-08-04 14:38:32,096 [Worker-588] WARN  o.e.m.c.i.embedder.EclipseLogger - Using platform encoding (Cp1252 actually) to copy filtered resources, i.e. build is platform dependent!
2016-08-04 14:38:32,105 [Worker-588] INFO  o.e.m.c.i.embedder.EclipseLogger - Copying 0 resource
2016-08-04 14:38:32,112 [Worker-588] WARN  o.e.m.c.i.embedder.EclipseLogger - Using platform encoding (Cp1252 actually) to copy filtered resources, i.e. build is platform dependent!
2016-08-04 14:38:32,119 [Worker-588] INFO  o.e.m.c.i.embedder.EclipseLogger - Copying 0 resource
2016-08-04 14:38:47,091 [Worker-589] WARN  o.e.m.c.i.embedder.EclipseLogger - Using platform encoding (Cp1252 actually) to copy filtered resources, i.e. build is platform dependent!
2016-08-04 14:38:47,100 [Worker-589] INFO  o.e.m.c.i.embedder.EclipseLogger - Copying 0 resource
2016-08-04 14:38:47,104 [Worker-589] WARN  o.e.m.c.i.embedder.EclipseLogger - Using platform encoding (Cp1252 actually) to copy filtered resources, i.e. build is platform dependent!
2016-08-04 14:38:47,116 [Worker-589] INFO  o.e.m.c.i.embedder.EclipseLogger - Copying 0 resource
2016-08-04 14:39:00,337 [Worker-589] WARN  o.e.m.c.i.embedder.EclipseLogger - Using platform encoding (Cp1252 actually) to copy filtered resources, i.e. build is platform dependent!
2016-08-04 14:39:00,342 [Worker-589] INFO  o.e.m.c.i.embedder.EclipseLogger - Copying 0 resource
2016-08-04 14:39:00,343 [Worker-589] WARN  o.e.m.c.i.embedder.EclipseLogger - Using platform encoding (Cp1252 actually) to copy filtered resources, i.e. build is platform dependent!
2016-08-04 14:39:00,348 [Worker-589] INFO  o.e.m.c.i.embedder.EclipseLogger - Copying 0 resource
2016-08-04 14:41:38,566 [Worker-585] WARN  o.e.m.c.i.embedder.EclipseLogger - Using platform encoding (Cp1252 actually) to copy filtered resources, i.e. build is platform dependent!
2016-08-04 14:41:38,570 [Worker-585] INFO  o.e.m.c.i.embedder.EclipseLogger - Copying 0 resource
2016-08-04 14:41:38,571 [Worker-585] WARN  o.e.m.c.i.embedder.EclipseLogger - Using platform encoding (Cp1252 actually) to copy filtered resources, i.e. build is platform dependent!
2016-08-04 14:41:38,575 [Worker-585] INFO  o.e.m.c.i.embedder.EclipseLogger - Copying 0 resource
2016-08-04 14:41:50,689 [Worker-591] WARN  o.e.m.c.i.embedder.EclipseLogger - Using platform encoding (Cp1252 actually) to copy filtered resources, i.e. build is platform dependent!
2016-08-04 14:41:50,695 [Worker-591] INFO  o.e.m.c.i.embedder.EclipseLogger - Copying 0 resource
2016-08-04 14:41:50,696 [Worker-591] WARN  o.e.m.c.i.embedder.EclipseLogger - Using platform encoding (Cp1252 actually) to copy filtered resources, i.e. build is platform dependent!
2016-08-04 14:41:50,700 [Worker-591] INFO  o.e.m.c.i.embedder.EclipseLogger - Copying 0 resource
2016-08-04 14:43:58,299 [Worker-585] INFO  o.e.m.c.i.l.LifecycleMappingFactory - Using org.eclipse.m2e.jdt.JarLifecycleMapping lifecycle mapping for MavenProject: org.sg.selenium:maven-test:0.0.1-SNAPSHOT @ D:\Selenium\ThirdExercise\maven-test\pom.xml.
2016-08-04 14:43:59,435 [Worker-585] WARN  o.e.m.c.i.embedder.EclipseLogger - Using platform encoding (Cp1252 actually) to copy filtered resources, i.e. build is platform dependent!
2016-08-04 14:43:59,440 [Worker-585] INFO  o.e.m.c.i.embedder.EclipseLogger - Copying 0 resource
2016-08-04 14:43:59,442 [Worker-585] WARN  o.e.m.c.i.embedder.EclipseLogger - Using platform encoding (Cp1252 actually) to copy filtered resources, i.e. build is platform dependent!
2016-08-04 14:43:59,448 [Worker-585] INFO  o.e.m.c.i.embedder.EclipseLogger - Copying 0 resource
2016-08-04 14:45:11,592 [Worker-584] INFO  o.e.m.c.i.l.LifecycleMappingFactory - Using org.eclipse.m2e.jdt.JarLifecycleMapping lifecycle mapping for MavenProject: org.sg.selenium:maven-test:0.0.1-SNAPSHOT @ D:\Selenium\ThirdExercise\maven-test\pom.xml.
2016-08-04 14:45:11,811 [Worker-584] WARN  o.e.m.c.i.embedder.EclipseLogger - Using platform encoding (Cp1252 actually) to copy filtered resources, i.e. build is platform dependent!
2016-08-04 14:45:11,818 [Worker-584] INFO  o.e.m.c.i.embedder.EclipseLogger - Copying 0 resource
2016-08-04 14:45:11,820 [Worker-584] WARN  o.e.m.c.i.embedder.EclipseLogger - Using platform encoding (Cp1252 actually) to copy filtered resources, i.e. build is platform dependent!
2016-08-04 14:45:11,825 [Worker-584] INFO  o.e.m.c.i.embedder.EclipseLogger - Copying 0 resource
2016-08-04 14:51:39,779 [Worker-592] INFO  o.e.m.c.i.l.LifecycleMappingFactory - Using org.eclipse.m2e.jdt.JarLifecycleMapping lifecycle mapping for MavenProject: org.sg.selenium:maven-test:0.0.1-SNAPSHOT @ D:\Selenium\ThirdExercise\maven-test\pom.xml.
2016-08-04 14:51:42,461 [Worker-592] INFO  o.e.m.c.i.e.AbstractTransferListenerAdapter - Downloading https://repo.maven.apache.org/maven2/org/seleniumhq/selenium/selenium-java/2.53.1/selenium-java-2.53.1.pom
2016-08-04 14:51:42,807 [Worker-592] INFO  o.e.m.c.i.e.AbstractTransferListenerAdapter - Downloaded https://repo.maven.apache.org/maven2/org/seleniumhq/selenium/selenium-java/2.53.1/selenium-java-2.53.1.pom
2016-08-04 14:51:43,112 [Worker-592] INFO  o.e.m.c.i.e.AbstractTransferListenerAdapter - Downloading https://repo.maven.apache.org/maven2/org/seleniumhq/selenium/selenium-parent/2.53.1/selenium-parent-2.53.1.pom
2016-08-04 14:51:43,426 [Worker-592] INFO  o.e.m.c.i.e.AbstractTransferListenerAdapter - Downloaded https://repo.maven.apache.org/maven2/org/seleniumhq/selenium/selenium-parent/2.53.1/selenium-parent-2.53.1.pom
2016-08-04 14:51:43,724 [Worker-592] INFO  o.e.m.c.i.e.AbstractTransferListenerAdapter - Downloading https://repo.maven.apache.org/maven2/org/seleniumhq/selenium/selenium-chrome-driver/2.53.1/selenium-chrome-driver-2.53.1.pom
2016-08-04 14:51:44,023 [Worker-592] INFO  o.e.m.c.i.e.AbstractTransferListenerAdapter - Downloaded https://repo.maven.apache.org/maven2/org/seleniumhq/selenium/selenium-chrome-driver/2.53.1/selenium-chrome-driver-2.53.1.pom
2016-08-04 14:51:44,359 [Worker-592] INFO  o.e.m.c.i.e.AbstractTransferListenerAdapter - Downloading https://repo.maven.apache.org/maven2/org/seleniumhq/selenium/selenium-remote-driver/2.53.1/selenium-remote-driver-2.53.1.pom
2016-08-04 14:51:44,663 [Worker-592] INFO  o.e.m.c.i.e.AbstractTransferListenerAdapter - Downloaded https://repo.maven.apache.org/maven2/org/seleniumhq/selenium/selenium-remote-driver/2.53.1/selenium-remote-driver-2.53.1.pom
2016-08-04 14:51:44,973 [Worker-592] INFO  o.e.m.c.i.e.AbstractTransferListenerAdapter - Downloading https://repo.maven.apache.org/maven2/cglib/cglib-nodep/2.1_3/cglib-nodep-2.1_3.pom
2016-08-04 14:51:45,280 [Worker-592] INFO  o.e.m.c.i.e.AbstractTransferListenerAdapter - Downloaded https://repo.maven.apache.org/maven2/cglib/cglib-nodep/2.1_3/cglib-nodep-2.1_3.pom
2016-08-04 14:51:45,658 [Worker-592] INFO  o.e.m.c.i.e.AbstractTransferListenerAdapter - Downloading https://repo.maven.apache.org/maven2/com/google/code/gson/gson/2.3.1/gson-2.3.1.pom
2016-08-04 14:51:45,987 [Worker-592] INFO  o.e.m.c.i.e.AbstractTransferListenerAdapter - Downloaded https://repo.maven.apache.org/maven2/com/google/code/gson/gson/2.3.1/gson-2.3.1.pom
2016-08-04 14:51:46,299 [Worker-592] INFO  o.e.m.c.i.e.AbstractTransferListenerAdapter - Downloading https://repo.maven.apache.org/maven2/org/sonatype/oss/oss-parent/9/oss-parent-9.pom
2016-08-04 14:51:46,612 [Worker-592] INFO  o.e.m.c.i.e.AbstractTransferListenerAdapter - Downloaded https://repo.maven.apache.org/maven2/org/sonatype/oss/oss-parent/9/oss-parent-9.pom
2016-08-04 14:51:46,927 [Worker-592] INFO  o.e.m.c.i.e.AbstractTransferListenerAdapter - Downloading https://repo.maven.apache.org/maven2/org/seleniumhq/selenium/selenium-api/2.53.1/selenium-api-2.53.1.pom
2016-08-04 14:51:47,228 [Worker-592] INFO  o.e.m.c.i.e.AbstractTransferListenerAdapter - Downloaded https://repo.maven.apache.org/maven2/org/seleniumhq/selenium/selenium-api/2.53.1/selenium-api-2.53.1.pom
2016-08-04 14:51:47,533 [Worker-592] INFO  o.e.m.c.i.e.AbstractTransferListenerAdapter - Downloading https://repo.maven.apache.org/maven2/com/google/guava/guava/19.0/guava-19.0.pom
2016-08-04 14:51:47,847 [Worker-592] INFO  o.e.m.c.i.e.AbstractTransferListenerAdapter - Downloaded https://repo.maven.apache.org/maven2/com/google/guava/guava/19.0/guava-19.0.pom
2016-08-04 14:51:48,155 [Worker-592] INFO  o.e.m.c.i.e.AbstractTransferListenerAdapter - Downloading https://repo.maven.apache.org/maven2/com/google/guava/guava-parent/19.0/guava-parent-19.0.pom
2016-08-04 14:51:48,474 [Worker-592] INFO  o.e.m.c.i.e.AbstractTransferListenerAdapter - Downloaded https://repo.maven.apache.org/maven2/com/google/guava/guava-parent/19.0/guava-parent-19.0.pom
2016-08-04 14:51:48,782 [Worker-592] INFO  o.e.m.c.i.e.AbstractTransferListenerAdapter - Downloading https://repo.maven.apache.org/maven2/org/sonatype/oss/oss-parent/7/oss-parent-7.pom
2016-08-04 14:51:49,125 [Worker-592] INFO  o.e.m.c.i.e.AbstractTransferListenerAdapter - Downloaded https://repo.maven.apache.org/maven2/org/sonatype/oss/oss-parent/7/oss-parent-7.pom
2016-08-04 14:51:49,441 [Worker-592] INFO  o.e.m.c.i.e.AbstractTransferListenerAdapter - Downloading https://repo.maven.apache.org/maven2/org/apache/httpcomponents/httpclient/4.5.1/httpclient-4.5.1.pom
2016-08-04 14:51:49,761 [Worker-592] INFO  o.e.m.c.i.e.AbstractTransferListenerAdapter - Downloaded https://repo.maven.apache.org/maven2/org/apache/httpcomponents/httpclient/4.5.1/httpclient-4.5.1.pom
2016-08-04 14:51:50,157 [Worker-592] INFO  o.e.m.c.i.e.AbstractTransferListenerAdapter - Downloading https://repo.maven.apache.org/maven2/org/apache/httpcomponents/httpcomponents-client/4.5.1/httpcomponents-client-4.5.1.pom
2016-08-04 14:51:50,599 [Worker-592] INFO  o.e.m.c.i.e.AbstractTransferListenerAdapter - Downloaded https://repo.maven.apache.org/maven2/org/apache/httpcomponents/httpcomponents-client/4.5.1/httpcomponents-client-4.5.1.pom
2016-08-04 14:51:50,966 [Worker-592] INFO  o.e.m.c.i.e.AbstractTransferListenerAdapter - Downloading https://repo.maven.apache.org/maven2/org/apache/httpcomponents/project/7/project-7.pom
2016-08-04 14:51:51,288 [Worker-592] INFO  o.e.m.c.i.e.AbstractTransferListenerAdapter - Downloaded https://repo.maven.apache.org/maven2/org/apache/httpcomponents/project/7/project-7.pom
2016-08-04 14:51:51,709 [Worker-592] INFO  o.e.m.c.i.e.AbstractTransferListenerAdapter - Downloading https://repo.maven.apache.org/maven2/org/apache/httpcomponents/httpcore/4.4.3/httpcore-4.4.3.pom
2016-08-04 14:51:52,019 [Worker-592] INFO  o.e.m.c.i.e.AbstractTransferListenerAdapter - Downloaded https://repo.maven.apache.org/maven2/org/apache/httpcomponents/httpcore/4.4.3/httpcore-4.4.3.pom
2016-08-04 14:51:52,330 [Worker-592] INFO  o.e.m.c.i.e.AbstractTransferListenerAdapter - Downloading https://repo.maven.apache.org/maven2/org/apache/httpcomponents/httpcomponents-core/4.4.3/httpcomponents-core-4.4.3.pom
2016-08-04 14:51:52,642 [Worker-592] INFO  o.e.m.c.i.e.AbstractTransferListenerAdapter - Downloaded https://repo.maven.apache.org/maven2/org/apache/httpcomponents/httpcomponents-core/4.4.3/httpcomponents-core-4.4.3.pom
2016-08-04 14:51:52,954 [Worker-592] INFO  o.e.m.c.i.e.AbstractTransferListenerAdapter - Downloading https://repo.maven.apache.org/maven2/commons-logging/commons-logging/1.2/commons-logging-1.2.pom
2016-08-04 14:51:53,323 [Worker-592] INFO  o.e.m.c.i.e.AbstractTransferListenerAdapter - Downloaded https://repo.maven.apache.org/maven2/commons-logging/commons-logging/1.2/commons-logging-1.2.pom
2016-08-04 14:51:53,660 [Worker-592] INFO  o.e.m.c.i.e.AbstractTransferListenerAdapter - Downloading https://repo.maven.apache.org/maven2/org/apache/commons/commons-parent/34/commons-parent-34.pom
2016-08-04 14:51:54,105 [Worker-592] INFO  o.e.m.c.i.e.AbstractTransferListenerAdapter - Downloaded https://repo.maven.apache.org/maven2/org/apache/commons/commons-parent/34/commons-parent-34.pom
2016-08-04 14:51:54,431 [Worker-592] INFO  o.e.m.c.i.e.AbstractTransferListenerAdapter - Downloading https://repo.maven.apache.org/maven2/commons-codec/commons-codec/1.9/commons-codec-1.9.pom
2016-08-04 14:51:54,742 [Worker-592] INFO  o.e.m.c.i.e.AbstractTransferListenerAdapter - Downloaded https://repo.maven.apache.org/maven2/commons-codec/commons-codec/1.9/commons-codec-1.9.pom
2016-08-04 14:51:55,059 [Worker-592] INFO  o.e.m.c.i.e.AbstractTransferListenerAdapter - Downloading https://repo.maven.apache.org/maven2/org/apache/commons/commons-parent/32/commons-parent-32.pom
2016-08-04 14:51:55,395 [Worker-592] INFO  o.e.m.c.i.e.AbstractTransferListenerAdapter - Downloaded https://repo.maven.apache.org/maven2/org/apache/commons/commons-parent/32/commons-parent-32.pom
2016-08-04 14:51:55,749 [Worker-592] INFO  o.e.m.c.i.e.AbstractTransferListenerAdapter - Downloading https://repo.maven.apache.org/maven2/org/apache/commons/commons-exec/1.3/commons-exec-1.3.pom
2016-08-04 14:51:56,054 [Worker-592] INFO  o.e.m.c.i.e.AbstractTransferListenerAdapter - Downloaded https://repo.maven.apache.org/maven2/org/apache/commons/commons-exec/1.3/commons-exec-1.3.pom
2016-08-04 14:51:56,395 [Worker-592] INFO  o.e.m.c.i.e.AbstractTransferListenerAdapter - Downloading https://repo.maven.apache.org/maven2/org/apache/commons/commons-parent/35/commons-parent-35.pom
2016-08-04 14:51:57,320 [Worker-592] INFO  o.e.m.c.i.e.AbstractTransferListenerAdapter - Downloaded https://repo.maven.apache.org/maven2/org/apache/commons/commons-parent/35/commons-parent-35.pom
2016-08-04 14:51:57,635 [Worker-595] INFO  o.e.m.c.i.e.AbstractTransferListenerAdapter - Downloading https://repo.maven.apache.org/maven2/org/apache/apache/15/apache-15.pom
2016-08-04 14:51:57,943 [Worker-595] INFO  o.e.m.c.i.e.AbstractTransferListenerAdapter - Downloaded https://repo.maven.apache.org/maven2/org/apache/apache/15/apache-15.pom
2016-08-04 14:51:58,321 [Worker-595] INFO  o.e.m.c.i.e.AbstractTransferListenerAdapter - Downloading https://repo.maven.apache.org/maven2/net/java/dev/jna/jna/4.1.0/jna-4.1.0.pom
2016-08-04 14:51:58,676 [Worker-595] INFO  o.e.m.c.i.e.AbstractTransferListenerAdapter - Downloaded https://repo.maven.apache.org/maven2/net/java/dev/jna/jna/4.1.0/jna-4.1.0.pom
2016-08-04 14:51:58,983 [Worker-595] INFO  o.e.m.c.i.e.AbstractTransferListenerAdapter - Downloading https://repo.maven.apache.org/maven2/net/java/dev/jna/jna-platform/4.1.0/jna-platform-4.1.0.pom
2016-08-04 14:51:59,436 [Worker-595] INFO  o.e.m.c.i.e.AbstractTransferListenerAdapter - Downloaded https://repo.maven.apache.org/maven2/net/java/dev/jna/jna-platform/4.1.0/jna-platform-4.1.0.pom
2016-08-04 14:51:59,747 [Worker-595] INFO  o.e.m.c.i.e.AbstractTransferListenerAdapter - Downloading https://repo.maven.apache.org/maven2/org/seleniumhq/selenium/selenium-edge-driver/2.53.1/selenium-edge-driver-2.53.1.pom
2016-08-04 14:52:00,058 [Worker-595] INFO  o.e.m.c.i.e.AbstractTransferListenerAdapter - Downloaded https://repo.maven.apache.org/maven2/org/seleniumhq/selenium/selenium-edge-driver/2.53.1/selenium-edge-driver-2.53.1.pom
2016-08-04 14:52:00,365 [Worker-595] INFO  o.e.m.c.i.e.AbstractTransferListenerAdapter - Downloading https://repo.maven.apache.org/maven2/commons-io/commons-io/2.4/commons-io-2.4.pom
2016-08-04 14:52:00,735 [Worker-595] INFO  o.e.m.c.i.e.AbstractTransferListenerAdapter - Downloaded https://repo.maven.apache.org/maven2/commons-io/commons-io/2.4/commons-io-2.4.pom
2016-08-04 14:52:01,038 [Worker-595] INFO  o.e.m.c.i.e.AbstractTransferListenerAdapter - Downloading https://repo.maven.apache.org/maven2/org/apache/commons/commons-parent/25/commons-parent-25.pom
2016-08-04 14:52:01,370 [Worker-595] INFO  o.e.m.c.i.e.AbstractTransferListenerAdapter - Downloaded https://repo.maven.apache.org/maven2/org/apache/commons/commons-parent/25/commons-parent-25.pom
2016-08-04 14:52:01,816 [Worker-595] INFO  o.e.m.c.i.e.AbstractTransferListenerAdapter - Downloading https://repo.maven.apache.org/maven2/org/seleniumhq/selenium/htmlunit-driver/2.21/htmlunit-driver-2.21.pom
2016-08-04 14:52:02,129 [Worker-595] INFO  o.e.m.c.i.e.AbstractTransferListenerAdapter - Downloaded https://repo.maven.apache.org/maven2/org/seleniumhq/selenium/htmlunit-driver/2.21/htmlunit-driver-2.21.pom
2016-08-04 14:52:02,515 [Worker-595] INFO  o.e.m.c.i.e.AbstractTransferListenerAdapter - Downloading https://repo.maven.apache.org/maven2/net/sourceforge/htmlunit/htmlunit/2.21/htmlunit-2.21.pom
2016-08-04 14:52:02,838 [Worker-595] INFO  o.e.m.c.i.e.AbstractTransferListenerAdapter - Downloaded https://repo.maven.apache.org/maven2/net/sourceforge/htmlunit/htmlunit/2.21/htmlunit-2.21.pom
2016-08-04 14:52:03,149 [Worker-595] INFO  o.e.m.c.i.e.AbstractTransferListenerAdapter - Downloading https://repo.maven.apache.org/maven2/xalan/xalan/2.7.2/xalan-2.7.2.pom
2016-08-04 14:52:03,550 [Worker-595] INFO  o.e.m.c.i.e.AbstractTransferListenerAdapter - Downloaded https://repo.maven.apache.org/maven2/xalan/xalan/2.7.2/xalan-2.7.2.pom
2016-08-04 14:52:03,869 [Worker-592] INFO  o.e.m.c.i.e.AbstractTransferListenerAdapter - Downloading https://repo.maven.apache.org/maven2/xalan/serializer/2.7.2/serializer-2.7.2.pom
2016-08-04 14:52:04,176 [Worker-592] INFO  o.e.m.c.i.e.AbstractTransferListenerAdapter - Downloaded https://repo.maven.apache.org/maven2/xalan/serializer/2.7.2/serializer-2.7.2.pom
2016-08-04 14:52:04,538 [Worker-592] INFO  o.e.m.c.i.e.AbstractTransferListenerAdapter - Downloading https://repo.maven.apache.org/maven2/org/apache/commons/commons-lang3/3.4/commons-lang3-3.4.pom
2016-08-04 14:52:04,857 [Worker-592] INFO  o.e.m.c.i.e.AbstractTransferListenerAdapter - Downloaded https://repo.maven.apache.org/maven2/org/apache/commons/commons-lang3/3.4/commons-lang3-3.4.pom
2016-08-04 14:52:05,165 [Worker-592] INFO  o.e.m.c.i.e.AbstractTransferListenerAdapter - Downloading https://repo.maven.apache.org/maven2/org/apache/commons/commons-parent/37/commons-parent-37.pom
2016-08-04 14:52:05,502 [Worker-592] INFO  o.e.m.c.i.e.AbstractTransferListenerAdapter - Downloaded https://repo.maven.apache.org/maven2/org/apache/commons/commons-parent/37/commons-parent-37.pom
2016-08-04 14:52:05,945 [Worker-592] INFO  o.e.m.c.i.e.AbstractTransferListenerAdapter - Downloading https://repo.maven.apache.org/maven2/org/apache/httpcomponents/httpclient/4.5.2/httpclient-4.5.2.pom
2016-08-04 14:52:06,242 [Worker-592] INFO  o.e.m.c.i.e.AbstractTransferListenerAdapter - Downloaded https://repo.maven.apache.org/maven2/org/apache/httpcomponents/httpclient/4.5.2/httpclient-4.5.2.pom
2016-08-04 14:52:06,631 [Worker-592] INFO  o.e.m.c.i.e.AbstractTransferListenerAdapter - Downloading https://repo.maven.apache.org/maven2/org/apache/httpcomponents/httpcomponents-client/4.5.2/httpcomponents-client-4.5.2.pom
2016-08-04 14:52:06,940 [Worker-592] INFO  o.e.m.c.i.e.AbstractTransferListenerAdapter - Downloaded https://repo.maven.apache.org/maven2/org/apache/httpcomponents/httpcomponents-client/4.5.2/httpcomponents-client-4.5.2.pom
2016-08-04 14:52:07,280 [Worker-595] INFO  o.e.m.c.i.e.AbstractTransferListenerAdapter - Downloading https://repo.maven.apache.org/maven2/org/apache/httpcomponents/httpcore/4.4.4/httpcore-4.4.4.pom
2016-08-04 14:52:07,579 [Worker-595] INFO  o.e.m.c.i.e.AbstractTransferListenerAdapter - Downloaded https://repo.maven.apache.org/maven2/org/apache/httpcomponents/httpcore/4.4.4/httpcore-4.4.4.pom
2016-08-04 14:52:07,872 [Worker-595] INFO  o.e.m.c.i.e.AbstractTransferListenerAdapter - Downloading https://repo.maven.apache.org/maven2/org/apache/httpcomponents/httpcomponents-core/4.4.4/httpcomponents-core-4.4.4.pom
2016-08-04 14:52:08,195 [Worker-595] INFO  o.e.m.c.i.e.AbstractTransferListenerAdapter - Downloaded https://repo.maven.apache.org/maven2/org/apache/httpcomponents/httpcomponents-core/4.4.4/httpcomponents-core-4.4.4.pom
2016-08-04 14:52:08,491 [Worker-595] INFO  o.e.m.c.i.e.AbstractTransferListenerAdapter - Downloading https://repo.maven.apache.org/maven2/org/apache/httpcomponents/httpmime/4.5.2/httpmime-4.5.2.pom
2016-08-04 14:52:08,793 [Worker-595] INFO  o.e.m.c.i.e.AbstractTransferListenerAdapter - Downloaded https://repo.maven.apache.org/maven2/org/apache/httpcomponents/httpmime/4.5.2/httpmime-4.5.2.pom
2016-08-04 14:52:09,094 [Worker-595] INFO  o.e.m.c.i.e.AbstractTransferListenerAdapter - Downloading https://repo.maven.apache.org/maven2/commons-codec/commons-codec/1.10/commons-codec-1.10.pom
2016-08-04 14:52:09,505 [Worker-595] INFO  o.e.m.c.i.e.AbstractTransferListenerAdapter - Downloaded https://repo.maven.apache.org/maven2/commons-codec/commons-codec/1.10/commons-codec-1.10.pom
2016-08-04 14:52:09,803 [Worker-595] INFO  o.e.m.c.i.e.AbstractTransferListenerAdapter - Downloading https://repo.maven.apache.org/maven2/net/sourceforge/htmlunit/htmlunit-core-js/2.17/htmlunit-core-js-2.17.pom
2016-08-04 14:52:10,162 [Worker-595] INFO  o.e.m.c.i.e.AbstractTransferListenerAdapter - Downloaded https://repo.maven.apache.org/maven2/net/sourceforge/htmlunit/htmlunit-core-js/2.17/htmlunit-core-js-2.17.pom
2016-08-04 14:52:10,507 [Worker-595] INFO  o.e.m.c.i.e.AbstractTransferListenerAdapter - Downloading https://repo.maven.apache.org/maven2/net/sourceforge/htmlunit/neko-htmlunit/2.21/neko-htmlunit-2.21.pom
2016-08-04 14:52:10,849 [Worker-595] INFO  o.e.m.c.i.e.AbstractTransferListenerAdapter - Downloaded https://repo.maven.apache.org/maven2/net/sourceforge/htmlunit/neko-htmlunit/2.21/neko-htmlunit-2.21.pom
2016-08-04 14:52:11,155 [Worker-595] INFO  o.e.m.c.i.e.AbstractTransferListenerAdapter - Downloading https://repo.maven.apache.org/maven2/xerces/xercesImpl/2.11.0/xercesImpl-2.11.0.pom
2016-08-04 14:52:11,466 [Worker-595] INFO  o.e.m.c.i.e.AbstractTransferListenerAdapter - Downloaded https://repo.maven.apache.org/maven2/xerces/xercesImpl/2.11.0/xercesImpl-2.11.0.pom
2016-08-04 14:52:11,767 [Worker-595] INFO  o.e.m.c.i.e.AbstractTransferListenerAdapter - Downloading https://repo.maven.apache.org/maven2/xml-apis/xml-apis/1.4.01/xml-apis-1.4.01.pom
2016-08-04 14:52:12,163 [Worker-595] INFO  o.e.m.c.i.e.AbstractTransferListenerAdapter - Downloaded https://repo.maven.apache.org/maven2/xml-apis/xml-apis/1.4.01/xml-apis-1.4.01.pom
2016-08-04 14:52:12,459 [Worker-595] INFO  o.e.m.c.i.e.AbstractTransferListenerAdapter - Downloading https://repo.maven.apache.org/maven2/net/sourceforge/cssparser/cssparser/0.9.18/cssparser-0.9.18.pom
2016-08-04 14:52:12,833 [Worker-595] INFO  o.e.m.c.i.e.AbstractTransferListenerAdapter - Downloaded https://repo.maven.apache.org/maven2/net/sourceforge/cssparser/cssparser/0.9.18/cssparser-0.9.18.pom
2016-08-04 14:52:13,143 [Worker-595] INFO  o.e.m.c.i.e.AbstractTransferListenerAdapter - Downloading https://repo.maven.apache.org/maven2/org/w3c/css/sac/1.3/sac-1.3.pom
2016-08-04 14:52:13,444 [Worker-595] INFO  o.e.m.c.i.e.AbstractTransferListenerAdapter - Downloaded https://repo.maven.apache.org/maven2/org/w3c/css/sac/1.3/sac-1.3.pom
2016-08-04 14:52:13,751 [Worker-595] INFO  o.e.m.c.i.e.AbstractTransferListenerAdapter - Downloading https://repo.maven.apache.org/maven2/org/eclipse/jetty/websocket/websocket-client/9.2.15.v20160210/websocket-client-9.2.15.v20160210.pom
2016-08-04 14:52:14,073 [Worker-595] INFO  o.e.m.c.i.e.AbstractTransferListenerAdapter - Downloaded https://repo.maven.apache.org/maven2/org/eclipse/jetty/websocket/websocket-client/9.2.15.v20160210/websocket-client-9.2.15.v20160210.pom
2016-08-04 14:52:14,382 [Worker-595] INFO  o.e.m.c.i.e.AbstractTransferListenerAdapter - Downloading https://repo.maven.apache.org/maven2/org/eclipse/jetty/websocket/websocket-parent/9.2.15.v20160210/websocket-parent-9.2.15.v20160210.pom
2016-08-04 14:52:14,687 [Worker-595] INFO  o.e.m.c.i.e.AbstractTransferListenerAdapter - Downloaded https://repo.maven.apache.org/maven2/org/eclipse/jetty/websocket/websocket-parent/9.2.15.v20160210/websocket-parent-9.2.15.v20160210.pom
2016-08-04 14:52:14,999 [Worker-595] INFO  o.e.m.c.i.e.AbstractTransferListenerAdapter - Downloading https://repo.maven.apache.org/maven2/org/eclipse/jetty/jetty-project/9.2.15.v20160210/jetty-project-9.2.15.v20160210.pom
2016-08-04 14:52:15,339 [Worker-595] INFO  o.e.m.c.i.e.AbstractTransferListenerAdapter - Downloaded https://repo.maven.apache.org/maven2/org/eclipse/jetty/jetty-project/9.2.15.v20160210/jetty-project-9.2.15.v20160210.pom
2016-08-04 14:52:15,646 [Worker-595] INFO  o.e.m.c.i.e.AbstractTransferListenerAdapter - Downloading https://repo.maven.apache.org/maven2/org/eclipse/jetty/jetty-parent/23/jetty-parent-23.pom
2016-08-04 14:52:15,969 [Worker-595] INFO  o.e.m.c.i.e.AbstractTransferListenerAdapter - Downloaded https://repo.maven.apache.org/maven2/org/eclipse/jetty/jetty-parent/23/jetty-parent-23.pom
2016-08-04 14:52:16,302 [Worker-595] INFO  o.e.m.c.i.e.AbstractTransferListenerAdapter - Downloading https://repo.maven.apache.org/maven2/org/eclipse/jetty/jetty-util/9.2.15.v20160210/jetty-util-9.2.15.v20160210.pom
2016-08-04 14:52:16,608 [Worker-595] INFO  o.e.m.c.i.e.AbstractTransferListenerAdapter - Downloaded https://repo.maven.apache.org/maven2/org/eclipse/jetty/jetty-util/9.2.15.v20160210/jetty-util-9.2.15.v20160210.pom
2016-08-04 14:52:16,920 [Worker-595] INFO  o.e.m.c.i.e.AbstractTransferListenerAdapter - Downloading https://repo.maven.apache.org/maven2/org/eclipse/jetty/jetty-io/9.2.15.v20160210/jetty-io-9.2.15.v20160210.pom
2016-08-04 14:52:17,219 [Worker-595] INFO  o.e.m.c.i.e.AbstractTransferListenerAdapter - Downloaded https://repo.maven.apache.org/maven2/org/eclipse/jetty/jetty-io/9.2.15.v20160210/jetty-io-9.2.15.v20160210.pom
2016-08-04 14:52:17,529 [Worker-595] INFO  o.e.m.c.i.e.AbstractTransferListenerAdapter - Downloading https://repo.maven.apache.org/maven2/org/eclipse/jetty/websocket/websocket-common/9.2.15.v20160210/websocket-common-9.2.15.v20160210.pom
2016-08-04 14:52:17,846 [Worker-595] INFO  o.e.m.c.i.e.AbstractTransferListenerAdapter - Downloaded https://repo.maven.apache.org/maven2/org/eclipse/jetty/websocket/websocket-common/9.2.15.v20160210/websocket-common-9.2.15.v20160210.pom
2016-08-04 14:52:18,156 [Worker-595] INFO  o.e.m.c.i.e.AbstractTransferListenerAdapter - Downloading https://repo.maven.apache.org/maven2/org/eclipse/jetty/websocket/websocket-api/9.2.15.v20160210/websocket-api-9.2.15.v20160210.pom
2016-08-04 14:52:18,457 [Worker-595] INFO  o.e.m.c.i.e.AbstractTransferListenerAdapter - Downloaded https://repo.maven.apache.org/maven2/org/eclipse/jetty/websocket/websocket-api/9.2.15.v20160210/websocket-api-9.2.15.v20160210.pom
2016-08-04 14:52:18,763 [Worker-595] INFO  o.e.m.c.i.e.AbstractTransferListenerAdapter - Downloading https://repo.maven.apache.org/maven2/commons-collections/commons-collections/3.2.2/commons-collections-3.2.2.pom
2016-08-04 14:52:19,076 [Worker-595] INFO  o.e.m.c.i.e.AbstractTransferListenerAdapter - Downloaded https://repo.maven.apache.org/maven2/commons-collections/commons-collections/3.2.2/commons-collections-3.2.2.pom
2016-08-04 14:52:19,389 [Worker-595] INFO  o.e.m.c.i.e.AbstractTransferListenerAdapter - Downloading https://repo.maven.apache.org/maven2/org/apache/commons/commons-parent/39/commons-parent-39.pom
2016-08-04 14:52:19,847 [Worker-595] INFO  o.e.m.c.i.e.AbstractTransferListenerAdapter - Downloaded https://repo.maven.apache.org/maven2/org/apache/commons/commons-parent/39/commons-parent-39.pom
2016-08-04 14:52:20,159 [Worker-595] INFO  o.e.m.c.i.e.AbstractTransferListenerAdapter - Downloading https://repo.maven.apache.org/maven2/org/seleniumhq/selenium/selenium-firefox-driver/2.53.1/selenium-firefox-driver-2.53.1.pom
2016-08-04 14:52:20,468 [Worker-595] INFO  o.e.m.c.i.e.AbstractTransferListenerAdapter - Downloaded https://repo.maven.apache.org/maven2/org/seleniumhq/selenium/selenium-firefox-driver/2.53.1/selenium-firefox-driver-2.53.1.pom
2016-08-04 14:52:20,763 [Worker-595] INFO  o.e.m.c.i.e.AbstractTransferListenerAdapter - Downloading https://repo.maven.apache.org/maven2/org/seleniumhq/selenium/selenium-ie-driver/2.53.1/selenium-ie-driver-2.53.1.pom
2016-08-04 14:52:21,060 [Worker-595] INFO  o.e.m.c.i.e.AbstractTransferListenerAdapter - Downloaded https://repo.maven.apache.org/maven2/org/seleniumhq/selenium/selenium-ie-driver/2.53.1/selenium-ie-driver-2.53.1.pom
2016-08-04 14:52:21,365 [Worker-595] INFO  o.e.m.c.i.e.AbstractTransferListenerAdapter - Downloading https://repo.maven.apache.org/maven2/org/seleniumhq/selenium/selenium-safari-driver/2.53.1/selenium-safari-driver-2.53.1.pom
2016-08-04 14:52:21,683 [Worker-595] INFO  o.e.m.c.i.e.AbstractTransferListenerAdapter - Downloaded https://repo.maven.apache.org/maven2/org/seleniumhq/selenium/selenium-safari-driver/2.53.1/selenium-safari-driver-2.53.1.pom
2016-08-04 14:52:21,991 [Worker-595] INFO  o.e.m.c.i.e.AbstractTransferListenerAdapter - Downloading https://repo.maven.apache.org/maven2/io/netty/netty/3.5.7.Final/netty-3.5.7.Final.pom
2016-08-04 14:52:22,309 [Worker-595] INFO  o.e.m.c.i.e.AbstractTransferListenerAdapter - Downloaded https://repo.maven.apache.org/maven2/io/netty/netty/3.5.7.Final/netty-3.5.7.Final.pom
2016-08-04 14:52:22,618 [Worker-595] INFO  o.e.m.c.i.e.AbstractTransferListenerAdapter - Downloading https://repo.maven.apache.org/maven2/org/seleniumhq/selenium/selenium-support/2.53.1/selenium-support-2.53.1.pom
2016-08-04 14:52:22,928 [Worker-595] INFO  o.e.m.c.i.e.AbstractTransferListenerAdapter - Downloaded https://repo.maven.apache.org/maven2/org/seleniumhq/selenium/selenium-support/2.53.1/selenium-support-2.53.1.pom
2016-08-04 14:52:23,230 [Worker-595] INFO  o.e.m.c.i.e.AbstractTransferListenerAdapter - Downloading https://repo.maven.apache.org/maven2/org/seleniumhq/selenium/selenium-leg-rc/2.53.1/selenium-leg-rc-2.53.1.pom
2016-08-04 14:52:23,774 [Worker-595] INFO  o.e.m.c.i.e.AbstractTransferListenerAdapter - Downloaded https://repo.maven.apache.org/maven2/org/seleniumhq/selenium/selenium-leg-rc/2.53.1/selenium-leg-rc-2.53.1.pom
2016-08-04 14:52:24,130 [Worker-592] INFO  o.e.m.c.i.e.AbstractTransferListenerAdapter - Downloading https://repo.maven.apache.org/maven2/org/seleniumhq/selenium/selenium-java/2.53.1/selenium-java-2.53.1.jar
2016-08-04 14:52:24,445 [Worker-592] INFO  o.e.m.c.i.e.AbstractTransferListenerAdapter - Downloaded https://repo.maven.apache.org/maven2/org/seleniumhq/selenium/selenium-java/2.53.1/selenium-java-2.53.1.jar
2016-08-04 14:52:24,731 [Worker-592] INFO  o.e.m.c.i.e.AbstractTransferListenerAdapter - Downloading https://repo.maven.apache.org/maven2/org/seleniumhq/selenium/selenium-chrome-driver/2.53.1/selenium-chrome-driver-2.53.1.jar
2016-08-04 14:52:25,105 [Worker-592] INFO  o.e.m.c.i.e.AbstractTransferListenerAdapter - Downloaded https://repo.maven.apache.org/maven2/org/seleniumhq/selenium/selenium-chrome-driver/2.53.1/selenium-chrome-driver-2.53.1.jar
2016-08-04 14:52:25,389 [Worker-592] INFO  o.e.m.c.i.e.AbstractTransferListenerAdapter - Downloading https://repo.maven.apache.org/maven2/org/seleniumhq/selenium/selenium-remote-driver/2.53.1/selenium-remote-driver-2.53.1.jar
2016-08-04 14:52:26,035 [Worker-592] INFO  o.e.m.c.i.e.AbstractTransferListenerAdapter - Downloaded https://repo.maven.apache.org/maven2/org/seleniumhq/selenium/selenium-remote-driver/2.53.1/selenium-remote-driver-2.53.1.jar
2016-08-04 14:52:26,323 [Worker-592] INFO  o.e.m.c.i.e.AbstractTransferListenerAdapter - Downloading https://repo.maven.apache.org/maven2/cglib/cglib-nodep/2.1_3/cglib-nodep-2.1_3.jar
2016-08-04 14:52:27,003 [Worker-592] INFO  o.e.m.c.i.e.AbstractTransferListenerAdapter - Downloaded https://repo.maven.apache.org/maven2/cglib/cglib-nodep/2.1_3/cglib-nodep-2.1_3.jar
2016-08-04 14:52:27,303 [Worker-592] INFO  o.e.m.c.i.e.AbstractTransferListenerAdapter - Downloading https://repo.maven.apache.org/maven2/com/google/code/gson/gson/2.3.1/gson-2.3.1.jar
2016-08-04 14:52:27,714 [Worker-592] INFO  o.e.m.c.i.e.AbstractTransferListenerAdapter - Downloaded https://repo.maven.apache.org/maven2/com/google/code/gson/gson/2.3.1/gson-2.3.1.jar
2016-08-04 14:52:28,014 [Worker-592] INFO  o.e.m.c.i.e.AbstractTransferListenerAdapter - Downloading https://repo.maven.apache.org/maven2/org/seleniumhq/selenium/selenium-api/2.53.1/selenium-api-2.53.1.jar
2016-08-04 14:52:28,374 [Worker-592] INFO  o.e.m.c.i.e.AbstractTransferListenerAdapter - Downloaded https://repo.maven.apache.org/maven2/org/seleniumhq/selenium/selenium-api/2.53.1/selenium-api-2.53.1.jar
2016-08-04 14:52:28,665 [Worker-592] INFO  o.e.m.c.i.e.AbstractTransferListenerAdapter - Downloading https://repo.maven.apache.org/maven2/org/apache/httpcomponents/httpclient/4.5.1/httpclient-4.5.1.jar
2016-08-04 14:52:29,989 [Worker-592] INFO  o.e.m.c.i.e.AbstractTransferListenerAdapter - Downloaded https://repo.maven.apache.org/maven2/org/apache/httpcomponents/httpclient/4.5.1/httpclient-4.5.1.jar
2016-08-04 14:52:30,277 [Worker-592] INFO  o.e.m.c.i.e.AbstractTransferListenerAdapter - Downloading https://repo.maven.apache.org/maven2/org/apache/httpcomponents/httpcore/4.4.3/httpcore-4.4.3.jar
2016-08-04 14:52:30,919 [Worker-592] INFO  o.e.m.c.i.e.AbstractTransferListenerAdapter - Downloaded https://repo.maven.apache.org/maven2/org/apache/httpcomponents/httpcore/4.4.3/httpcore-4.4.3.jar
2016-08-04 14:52:31,212 [Worker-592] INFO  o.e.m.c.i.e.AbstractTransferListenerAdapter - Downloading https://repo.maven.apache.org/maven2/com/google/guava/guava/19.0/guava-19.0.jar
2016-08-04 14:52:36,769 [Worker-592] INFO  o.e.m.c.i.e.AbstractTransferListenerAdapter - Downloaded https://repo.maven.apache.org/maven2/com/google/guava/guava/19.0/guava-19.0.jar
2016-08-04 14:52:37,051 [Worker-592] INFO  o.e.m.c.i.e.AbstractTransferListenerAdapter - Downloading https://repo.maven.apache.org/maven2/org/seleniumhq/selenium/selenium-edge-driver/2.53.1/selenium-edge-driver-2.53.1.jar
2016-08-04 14:52:37,415 [Worker-592] INFO  o.e.m.c.i.e.AbstractTransferListenerAdapter - Downloaded https://repo.maven.apache.org/maven2/org/seleniumhq/selenium/selenium-edge-driver/2.53.1/selenium-edge-driver-2.53.1.jar
2016-08-04 14:52:37,698 [Worker-592] INFO  o.e.m.c.i.e.AbstractTransferListenerAdapter - Downloading https://repo.maven.apache.org/maven2/commons-io/commons-io/2.4/commons-io-2.4.jar
2016-08-04 14:52:38,499 [Worker-592] INFO  o.e.m.c.i.e.AbstractTransferListenerAdapter - Downloaded https://repo.maven.apache.org/maven2/commons-io/commons-io/2.4/commons-io-2.4.jar
2016-08-04 14:52:38,797 [Worker-592] INFO  o.e.m.c.i.e.AbstractTransferListenerAdapter - Downloading https://repo.maven.apache.org/maven2/org/apache/commons/commons-exec/1.3/commons-exec-1.3.jar
2016-08-04 14:52:39,125 [Worker-592] INFO  o.e.m.c.i.e.AbstractTransferListenerAdapter - Downloaded https://repo.maven.apache.org/maven2/org/apache/commons/commons-exec/1.3/commons-exec-1.3.jar
2016-08-04 14:52:39,421 [Worker-592] INFO  o.e.m.c.i.e.AbstractTransferListenerAdapter - Downloading https://repo.maven.apache.org/maven2/org/seleniumhq/selenium/htmlunit-driver/2.21/htmlunit-driver-2.21.jar
2016-08-04 14:52:39,755 [Worker-592] INFO  o.e.m.c.i.e.AbstractTransferListenerAdapter - Downloaded https://repo.maven.apache.org/maven2/org/seleniumhq/selenium/htmlunit-driver/2.21/htmlunit-driver-2.21.jar
2016-08-04 14:52:40,056 [Worker-592] INFO  o.e.m.c.i.e.AbstractTransferListenerAdapter - Downloading https://repo.maven.apache.org/maven2/net/sourceforge/htmlunit/htmlunit/2.21/htmlunit-2.21.jar
2016-08-04 14:52:42,387 [Worker-592] INFO  o.e.m.c.i.e.AbstractTransferListenerAdapter - Downloaded https://repo.maven.apache.org/maven2/net/sourceforge/htmlunit/htmlunit/2.21/htmlunit-2.21.jar
2016-08-04 14:52:42,670 [Worker-592] INFO  o.e.m.c.i.e.AbstractTransferListenerAdapter - Downloading https://repo.maven.apache.org/maven2/xalan/xalan/2.7.2/xalan-2.7.2.jar
2016-08-04 14:52:47,340 [Worker-592] INFO  o.e.m.c.i.e.AbstractTransferListenerAdapter - Downloaded https://repo.maven.apache.org/maven2/xalan/xalan/2.7.2/xalan-2.7.2.jar
2016-08-04 14:52:47,621 [Worker-592] INFO  o.e.m.c.i.e.AbstractTransferListenerAdapter - Downloading https://repo.maven.apache.org/maven2/xalan/serializer/2.7.2/serializer-2.7.2.jar
2016-08-04 14:52:48,245 [Worker-592] INFO  o.e.m.c.i.e.AbstractTransferListenerAdapter - Downloaded https://repo.maven.apache.org/maven2/xalan/serializer/2.7.2/serializer-2.7.2.jar
2016-08-04 14:52:48,534 [Worker-592] INFO  o.e.m.c.i.e.AbstractTransferListenerAdapter - Downloading https://repo.maven.apache.org/maven2/org/apache/commons/commons-lang3/3.4/commons-lang3-3.4.jar
2016-08-04 14:52:49,414 [Worker-592] INFO  o.e.m.c.i.e.AbstractTransferListenerAdapter - Downloaded https://repo.maven.apache.org/maven2/org/apache/commons/commons-lang3/3.4/commons-lang3-3.4.jar
2016-08-04 14:52:49,702 [Worker-592] INFO  o.e.m.c.i.e.AbstractTransferListenerAdapter - Downloading https://repo.maven.apache.org/maven2/org/apache/httpcomponents/httpmime/4.5.2/httpmime-4.5.2.jar
2016-08-04 14:52:50,165 [Worker-592] INFO  o.e.m.c.i.e.AbstractTransferListenerAdapter - Downloaded https://repo.maven.apache.org/maven2/org/apache/httpcomponents/httpmime/4.5.2/httpmime-4.5.2.jar
2016-08-04 14:52:50,454 [Worker-592] INFO  o.e.m.c.i.e.AbstractTransferListenerAdapter - Downloading https://repo.maven.apache.org/maven2/commons-codec/commons-codec/1.10/commons-codec-1.10.jar
2016-08-04 14:52:51,065 [Worker-592] INFO  o.e.m.c.i.e.AbstractTransferListenerAdapter - Downloaded https://repo.maven.apache.org/maven2/commons-codec/commons-codec/1.10/commons-codec-1.10.jar
2016-08-04 14:52:51,362 [Worker-592] INFO  o.e.m.c.i.e.AbstractTransferListenerAdapter - Downloading https://repo.maven.apache.org/maven2/net/sourceforge/htmlunit/htmlunit-core-js/2.17/htmlunit-core-js-2.17.jar
2016-08-04 14:52:52,919 [Worker-592] INFO  o.e.m.c.i.e.AbstractTransferListenerAdapter - Downloaded https://repo.maven.apache.org/maven2/net/sourceforge/htmlunit/htmlunit-core-js/2.17/htmlunit-core-js-2.17.jar
2016-08-04 14:52:53,202 [Worker-592] INFO  o.e.m.c.i.e.AbstractTransferListenerAdapter - Downloading https://repo.maven.apache.org/maven2/net/sourceforge/htmlunit/neko-htmlunit/2.21/neko-htmlunit-2.21.jar
2016-08-04 14:52:53,559 [Worker-592] INFO  o.e.m.c.i.e.AbstractTransferListenerAdapter - Downloaded https://repo.maven.apache.org/maven2/net/sourceforge/htmlunit/neko-htmlunit/2.21/neko-htmlunit-2.21.jar
2016-08-04 14:52:53,845 [Worker-592] INFO  o.e.m.c.i.e.AbstractTransferListenerAdapter - Downloading https://repo.maven.apache.org/maven2/xerces/xercesImpl/2.11.0/xercesImpl-2.11.0.jar
2016-08-04 14:52:55,673 [Worker-592] INFO  o.e.m.c.i.e.AbstractTransferListenerAdapter - Downloaded https://repo.maven.apache.org/maven2/xerces/xercesImpl/2.11.0/xercesImpl-2.11.0.jar
2016-08-04 14:52:55,955 [Worker-592] INFO  o.e.m.c.i.e.AbstractTransferListenerAdapter - Downloading https://repo.maven.apache.org/maven2/xml-apis/xml-apis/1.4.01/xml-apis-1.4.01.jar
2016-08-04 14:52:56,357 [Worker-592] INFO  o.e.m.c.i.e.AbstractTransferListenerAdapter - Downloaded https://repo.maven.apache.org/maven2/xml-apis/xml-apis/1.4.01/xml-apis-1.4.01.jar
2016-08-04 14:52:56,646 [Worker-592] INFO  o.e.m.c.i.e.AbstractTransferListenerAdapter - Downloading https://repo.maven.apache.org/maven2/net/sourceforge/cssparser/cssparser/0.9.18/cssparser-0.9.18.jar
2016-08-04 14:52:57,283 [Worker-592] INFO  o.e.m.c.i.e.AbstractTransferListenerAdapter - Downloaded https://repo.maven.apache.org/maven2/net/sourceforge/cssparser/cssparser/0.9.18/cssparser-0.9.18.jar
2016-08-04 14:52:57,571 [Worker-592] INFO  o.e.m.c.i.e.AbstractTransferListenerAdapter - Downloading https://repo.maven.apache.org/maven2/org/w3c/css/sac/1.3/sac-1.3.jar
2016-08-04 14:52:57,959 [Worker-592] INFO  o.e.m.c.i.e.AbstractTransferListenerAdapter - Downloaded https://repo.maven.apache.org/maven2/org/w3c/css/sac/1.3/sac-1.3.jar
2016-08-04 14:52:58,245 [Worker-592] INFO  o.e.m.c.i.e.AbstractTransferListenerAdapter - Downloading https://repo.maven.apache.org/maven2/commons-logging/commons-logging/1.2/commons-logging-1.2.jar
2016-08-04 14:52:58,555 [Worker-592] INFO  o.e.m.c.i.e.AbstractTransferListenerAdapter - Downloaded https://repo.maven.apache.org/maven2/commons-logging/commons-logging/1.2/commons-logging-1.2.jar
2016-08-04 14:52:58,841 [Worker-592] INFO  o.e.m.c.i.e.AbstractTransferListenerAdapter - Downloading https://repo.maven.apache.org/maven2/org/eclipse/jetty/websocket/websocket-client/9.2.15.v20160210/websocket-client-9.2.15.v20160210.jar
2016-08-04 14:52:59,318 [Worker-592] INFO  o.e.m.c.i.e.AbstractTransferListenerAdapter - Downloaded https://repo.maven.apache.org/maven2/org/eclipse/jetty/websocket/websocket-client/9.2.15.v20160210/websocket-client-9.2.15.v20160210.jar
2016-08-04 14:52:59,612 [Worker-592] INFO  o.e.m.c.i.e.AbstractTransferListenerAdapter - Downloading https://repo.maven.apache.org/maven2/org/eclipse/jetty/jetty-util/9.2.15.v20160210/jetty-util-9.2.15.v20160210.jar
2016-08-04 14:53:00,243 [Worker-592] INFO  o.e.m.c.i.e.AbstractTransferListenerAdapter - Downloaded https://repo.maven.apache.org/maven2/org/eclipse/jetty/jetty-util/9.2.15.v20160210/jetty-util-9.2.15.v20160210.jar
2016-08-04 14:53:00,530 [Worker-592] INFO  o.e.m.c.i.e.AbstractTransferListenerAdapter - Downloading https://repo.maven.apache.org/maven2/org/eclipse/jetty/jetty-io/9.2.15.v20160210/jetty-io-9.2.15.v20160210.jar
2016-08-04 14:53:00,880 [Worker-592] INFO  o.e.m.c.i.e.AbstractTransferListenerAdapter - Downloaded https://repo.maven.apache.org/maven2/org/eclipse/jetty/jetty-io/9.2.15.v20160210/jetty-io-9.2.15.v20160210.jar
2016-08-04 14:53:01,190 [Worker-592] INFO  o.e.m.c.i.e.AbstractTransferListenerAdapter - Downloading https://repo.maven.apache.org/maven2/org/eclipse/jetty/websocket/websocket-common/9.2.15.v20160210/websocket-common-9.2.15.v20160210.jar
2016-08-04 14:53:01,624 [Worker-592] INFO  o.e.m.c.i.e.AbstractTransferListenerAdapter - Downloaded https://repo.maven.apache.org/maven2/org/eclipse/jetty/websocket/websocket-common/9.2.15.v20160210/websocket-common-9.2.15.v20160210.jar
2016-08-04 14:53:01,924 [Worker-592] INFO  o.e.m.c.i.e.AbstractTransferListenerAdapter - Downloading https://repo.maven.apache.org/maven2/org/eclipse/jetty/websocket/websocket-api/9.2.15.v20160210/websocket-api-9.2.15.v20160210.jar
2016-08-04 14:53:02,459 [Worker-592] INFO  o.e.m.c.i.e.AbstractTransferListenerAdapter - Downloaded https://repo.maven.apache.org/maven2/org/eclipse/jetty/websocket/websocket-api/9.2.15.v20160210/websocket-api-9.2.15.v20160210.jar
2016-08-04 14:53:02,743 [Worker-592] INFO  o.e.m.c.i.e.AbstractTransferListenerAdapter - Downloading https://repo.maven.apache.org/maven2/commons-collections/commons-collections/3.2.2/commons-collections-3.2.2.jar
2016-08-04 14:53:03,732 [Worker-592] INFO  o.e.m.c.i.e.AbstractTransferListenerAdapter - Downloaded https://repo.maven.apache.org/maven2/commons-collections/commons-collections/3.2.2/commons-collections-3.2.2.jar
2016-08-04 14:53:04,026 [Worker-592] INFO  o.e.m.c.i.e.AbstractTransferListenerAdapter - Downloading https://repo.maven.apache.org/maven2/org/seleniumhq/selenium/selenium-firefox-driver/2.53.1/selenium-firefox-driver-2.53.1.jar
2016-08-04 14:53:05,650 [Worker-592] INFO  o.e.m.c.i.e.AbstractTransferListenerAdapter - Downloaded https://repo.maven.apache.org/maven2/org/seleniumhq/selenium/selenium-firefox-driver/2.53.1/selenium-firefox-driver-2.53.1.jar
2016-08-04 14:53:05,930 [Worker-592] INFO  o.e.m.c.i.e.AbstractTransferListenerAdapter - Downloading https://repo.maven.apache.org/maven2/org/seleniumhq/selenium/selenium-ie-driver/2.53.1/selenium-ie-driver-2.53.1.jar
2016-08-04 14:53:06,270 [Worker-592] INFO  o.e.m.c.i.e.AbstractTransferListenerAdapter - Downloaded https://repo.maven.apache.org/maven2/org/seleniumhq/selenium/selenium-ie-driver/2.53.1/selenium-ie-driver-2.53.1.jar
2016-08-04 14:53:06,552 [Worker-592] INFO  o.e.m.c.i.e.AbstractTransferListenerAdapter - Downloading https://repo.maven.apache.org/maven2/net/java/dev/jna/jna/4.1.0/jna-4.1.0.jar
2016-08-04 14:53:08,042 [Worker-592] INFO  o.e.m.c.i.e.AbstractTransferListenerAdapter - Downloaded https://repo.maven.apache.org/maven2/net/java/dev/jna/jna/4.1.0/jna-4.1.0.jar
2016-08-04 14:53:08,326 [Worker-592] INFO  o.e.m.c.i.e.AbstractTransferListenerAdapter - Downloading https://repo.maven.apache.org/maven2/net/java/dev/jna/jna-platform/4.1.0/jna-platform-4.1.0.jar
2016-08-04 14:53:10,507 [Worker-592] INFO  o.e.m.c.i.e.AbstractTransferListenerAdapter - Downloaded https://repo.maven.apache.org/maven2/net/java/dev/jna/jna-platform/4.1.0/jna-platform-4.1.0.jar
2016-08-04 14:53:10,789 [Worker-592] INFO  o.e.m.c.i.e.AbstractTransferListenerAdapter - Downloading https://repo.maven.apache.org/maven2/org/seleniumhq/selenium/selenium-safari-driver/2.53.1/selenium-safari-driver-2.53.1.jar
2016-08-04 14:53:11,132 [Worker-592] INFO  o.e.m.c.i.e.AbstractTransferListenerAdapter - Downloaded https://repo.maven.apache.org/maven2/org/seleniumhq/selenium/selenium-safari-driver/2.53.1/selenium-safari-driver-2.53.1.jar
2016-08-04 14:53:11,420 [Worker-592] INFO  o.e.m.c.i.e.AbstractTransferListenerAdapter - Downloading https://repo.maven.apache.org/maven2/io/netty/netty/3.5.7.Final/netty-3.5.7.Final.jar
2016-08-04 14:53:13,499 [Worker-592] INFO  o.e.m.c.i.e.AbstractTransferListenerAdapter - Downloaded https://repo.maven.apache.org/maven2/io/netty/netty/3.5.7.Final/netty-3.5.7.Final.jar
2016-08-04 14:53:13,784 [Worker-592] INFO  o.e.m.c.i.e.AbstractTransferListenerAdapter - Downloading https://repo.maven.apache.org/maven2/org/seleniumhq/selenium/selenium-support/2.53.1/selenium-support-2.53.1.jar
2016-08-04 14:53:14,130 [Worker-592] INFO  o.e.m.c.i.e.AbstractTransferListenerAdapter - Downloaded https://repo.maven.apache.org/maven2/org/seleniumhq/selenium/selenium-support/2.53.1/selenium-support-2.53.1.jar
2016-08-04 14:53:14,421 [Worker-592] INFO  o.e.m.c.i.e.AbstractTransferListenerAdapter - Downloading https://repo.maven.apache.org/maven2/org/seleniumhq/selenium/selenium-leg-rc/2.53.1/selenium-leg-rc-2.53.1.jar
2016-08-04 14:53:15,296 [Worker-592] INFO  o.e.m.c.i.e.AbstractTransferListenerAdapter - Downloaded https://repo.maven.apache.org/maven2/org/seleniumhq/selenium/selenium-leg-rc/2.53.1/selenium-leg-rc-2.53.1.jar
2016-08-04 14:53:33,500 [Worker-592] WARN  o.e.m.c.i.embedder.EclipseLogger - Using platform encoding (Cp1252 actually) to copy filtered resources, i.e. build is platform dependent!
2016-08-04 14:53:33,528 [Worker-592] INFO  o.e.m.c.i.embedder.EclipseLogger - Copying 0 resource
2016-08-04 14:53:33,531 [Worker-592] WARN  o.e.m.c.i.embedder.EclipseLogger - Using platform encoding (Cp1252 actually) to copy filtered resources, i.e. build is platform dependent!
2016-08-04 14:53:33,540 [Worker-592] INFO  o.e.m.c.i.embedder.EclipseLogger - Copying 0 resource
2016-08-04 14:53:36,288 [Worker-584] INFO  o.e.m.c.i.l.LifecycleMappingFactory - Using org.eclipse.m2e.jdt.JarLifecycleMapping lifecycle mapping for MavenProject: org.sg.selenium:maven-test:0.0.1-SNAPSHOT @ D:\Selenium\ThirdExercise\maven-test\pom.xml.
2016-08-04 14:53:37,395 [Worker-584] WARN  o.e.m.c.i.embedder.EclipseLogger - Using platform encoding (Cp1252 actually) to copy filtered resources, i.e. build is platform dependent!
2016-08-04 14:53:37,413 [Worker-584] INFO  o.e.m.c.i.embedder.EclipseLogger - Copying 0 resource
2016-08-04 14:53:37,419 [Worker-584] WARN  o.e.m.c.i.embedder.EclipseLogger - Using platform encoding (Cp1252 actually) to copy filtered resources, i.e. build is platform dependent!
2016-08-04 14:53:37,428 [Worker-584] INFO  o.e.m.c.i.embedder.EclipseLogger - Copying 0 resource
2016-08-04 15:04:00,497 [Worker-594] INFO  o.e.m.c.i.l.LifecycleMappingFactory - Using org.eclipse.m2e.jdt.JarLifecycleMapping lifecycle mapping for MavenProject: org.sg.selenium:maven-test:0.0.1-SNAPSHOT @ D:\Selenium\ThirdExercise\maven-test\pom.xml.
2016-08-04 15:04:02,446 [Worker-594] INFO  o.e.m.c.i.e.AbstractTransferListenerAdapter - Downloading https://repo.maven.apache.org/maven2/log4j/log4j/1.2.17/log4j-1.2.17.pom
2016-08-04 15:04:03,049 [Worker-594] INFO  o.e.m.c.i.e.AbstractTransferListenerAdapter - Downloaded https://repo.maven.apache.org/maven2/log4j/log4j/1.2.17/log4j-1.2.17.pom
2016-08-04 15:04:03,406 [Worker-594] INFO  o.e.m.c.i.e.AbstractTransferListenerAdapter - Downloading https://repo.maven.apache.org/maven2/log4j/log4j/1.2.17/log4j-1.2.17.jar
2016-08-04 15:04:04,919 [Worker-594] INFO  o.e.m.c.i.e.AbstractTransferListenerAdapter - Downloaded https://repo.maven.apache.org/maven2/log4j/log4j/1.2.17/log4j-1.2.17.jar
2016-08-04 15:04:06,363 [Worker-594] WARN  o.e.m.c.i.embedder.EclipseLogger - Using platform encoding (Cp1252 actually) to copy filtered resources, i.e. build is platform dependent!
2016-08-04 15:04:06,380 [Worker-594] INFO  o.e.m.c.i.embedder.EclipseLogger - Copying 0 resource
2016-08-04 15:04:06,384 [Worker-594] WARN  o.e.m.c.i.embedder.EclipseLogger - Using platform encoding (Cp1252 actually) to copy filtered resources, i.e. build is platform dependent!
2016-08-04 15:04:06,392 [Worker-594] INFO  o.e.m.c.i.embedder.EclipseLogger - Copying 0 resource
2016-08-04 15:04:08,078 [Worker-594] WARN  o.e.m.c.i.embedder.EclipseLogger - Using platform encoding (Cp1252 actually) to copy filtered resources, i.e. build is platform dependent!
2016-08-04 15:04:08,083 [Worker-594] INFO  o.e.m.c.i.embedder.EclipseLogger - Copying 0 resource
2016-08-04 15:04:08,084 [Worker-594] WARN  o.e.m.c.i.embedder.EclipseLogger - Using platform encoding (Cp1252 actually) to copy filtered resources, i.e. build is platform dependent!
2016-08-04 15:04:08,089 [Worker-594] INFO  o.e.m.c.i.embedder.EclipseLogger - Copying 0 resource
2016-08-04 15:06:08,477 [Worker-584] WARN  o.e.m.c.i.embedder.EclipseLogger - Using platform encoding (Cp1252 actually) to copy filtered resources, i.e. build is platform dependent!
2016-08-04 15:06:08,481 [Worker-584] INFO  o.e.m.c.i.embedder.EclipseLogger - Copying 0 resource
2016-08-04 15:06:08,482 [Worker-584] WARN  o.e.m.c.i.embedder.EclipseLogger - Using platform encoding (Cp1252 actually) to copy filtered resources, i.e. build is platform dependent!
2016-08-04 15:06:08,488 [Worker-584] INFO  o.e.m.c.i.embedder.EclipseLogger - Copying 1 resource
2016-08-04 15:06:20,905 [Worker-584] WARN  o.e.m.c.i.embedder.EclipseLogger - Using platform encoding (Cp1252 actually) to copy filtered resources, i.e. build is platform dependent!
2016-08-04 15:06:20,911 [Worker-584] INFO  o.e.m.c.i.embedder.EclipseLogger - Copying 0 resource
2016-08-04 15:06:20,912 [Worker-584] WARN  o.e.m.c.i.embedder.EclipseLogger - Using platform encoding (Cp1252 actually) to copy filtered resources, i.e. build is platform dependent!
2016-08-04 15:06:20,917 [Worker-584] INFO  o.e.m.c.i.embedder.EclipseLogger - Copying 1 resource
2016-08-04 15:10:17,512 [Worker-605] WARN  o.e.m.c.i.embedder.EclipseLogger - Using platform encoding (Cp1252 actually) to copy filtered resources, i.e. build is platform dependent!
2016-08-04 15:10:17,523 [Worker-605] INFO  o.e.m.c.i.embedder.EclipseLogger - Copying 0 resource
2016-08-04 15:10:17,524 [Worker-605] WARN  o.e.m.c.i.embedder.EclipseLogger - Using platform encoding (Cp1252 actually) to copy filtered resources, i.e. build is platform dependent!
2016-08-04 15:10:17,534 [Worker-605] INFO  o.e.m.c.i.embedder.EclipseLogger - Copying 1 resource
2016-08-04 15:18:48,288 [Worker-609] WARN  o.e.m.c.i.embedder.EclipseLogger - Using platform encoding (Cp1252 actually) to copy filtered resources, i.e. build is platform dependent!
2016-08-04 15:18:48,298 [Worker-609] INFO  o.e.m.c.i.embedder.EclipseLogger - Copying 0 resource
2016-08-04 15:18:48,300 [Worker-609] WARN  o.e.m.c.i.embedder.EclipseLogger - Using platform encoding (Cp1252 actually) to copy filtered resources, i.e. build is platform dependent!
2016-08-04 15:18:48,310 [Worker-609] INFO  o.e.m.c.i.embedder.EclipseLogger - Copying 1 resource
2016-08-04 15:19:02,340 [Worker-611] WARN  o.e.m.c.i.embedder.EclipseLogger - Using platform encoding (Cp1252 actually) to copy filtered resources, i.e. build is platform dependent!
2016-08-04 15:19:02,345 [Worker-611] INFO  o.e.m.c.i.embedder.EclipseLogger - Copying 0 resource
2016-08-04 15:19:02,346 [Worker-611] WARN  o.e.m.c.i.embedder.EclipseLogger - Using platform encoding (Cp1252 actually) to copy filtered resources, i.e. build is platform dependent!
2016-08-04 15:19:02,350 [Worker-611] INFO  o.e.m.c.i.embedder.EclipseLogger - Copying 1 resource
2016-08-04 15:19:50,050 [Worker-610] WARN  o.e.m.c.i.embedder.EclipseLogger - Using platform encoding (Cp1252 actually) to copy filtered resources, i.e. build is platform dependent!
2016-08-04 15:19:50,059 [Worker-610] INFO  o.e.m.c.i.embedder.EclipseLogger - Copying 0 resource
2016-08-04 15:19:50,063 [Worker-610] WARN  o.e.m.c.i.embedder.EclipseLogger - Using platform encoding (Cp1252 actually) to copy filtered resources, i.e. build is platform dependent!
2016-08-04 15:19:50,073 [Worker-610] INFO  o.e.m.c.i.embedder.EclipseLogger - Copying 1 resource
2016-08-04 15:20:03,172 [Worker-609] WARN  o.e.m.c.i.embedder.EclipseLogger - Using platform encoding (Cp1252 actually) to copy filtered resources, i.e. build is platform dependent!
2016-08-04 15:20:03,182 [Worker-609] INFO  o.e.m.c.i.embedder.EclipseLogger - Copying 0 resource
2016-08-04 15:20:03,184 [Worker-609] WARN  o.e.m.c.i.embedder.EclipseLogger - Using platform encoding (Cp1252 actually) to copy filtered resources, i.e. build is platform dependent!
2016-08-04 15:20:03,193 [Worker-609] INFO  o.e.m.c.i.embedder.EclipseLogger - Copying 1 resource
2016-08-04 16:06:16,878 [Worker-625] WARN  o.e.m.c.i.embedder.EclipseLogger - Using platform encoding (Cp1252 actually) to copy filtered resources, i.e. build is platform dependent!
2016-08-04 16:06:16,884 [Worker-625] INFO  o.e.m.c.i.embedder.EclipseLogger - Copying 0 resource
2016-08-04 16:06:16,886 [Worker-625] WARN  o.e.m.c.i.embedder.EclipseLogger - Using platform encoding (Cp1252 actually) to copy filtered resources, i.e. build is platform dependent!
2016-08-04 16:06:16,892 [Worker-625] INFO  o.e.m.c.i.embedder.EclipseLogger - Copying 5 resources
2016-08-04 16:13:37,259 [Worker-626] WARN  o.e.m.c.i.embedder.EclipseLogger - Using platform encoding (Cp1252 actually) to copy filtered resources, i.e. build is platform dependent!
2016-08-04 16:13:37,268 [Worker-626] INFO  o.e.m.c.i.embedder.EclipseLogger - Copying 0 resource
2016-08-04 16:13:37,269 [Worker-626] WARN  o.e.m.c.i.embedder.EclipseLogger - Using platform encoding (Cp1252 actually) to copy filtered resources, i.e. build is platform dependent!
2016-08-04 16:13:37,277 [Worker-626] INFO  o.e.m.c.i.embedder.EclipseLogger - Copying 5 resources
2016-08-04 16:14:02,043 [Worker-628] WARN  o.e.m.c.i.embedder.EclipseLogger - Using platform encoding (Cp1252 actually) to copy filtered resources, i.e. build is platform dependent!
2016-08-04 16:14:02,048 [Worker-628] INFO  o.e.m.c.i.embedder.EclipseLogger - Copying 0 resource
2016-08-04 16:14:02,050 [Worker-628] WARN  o.e.m.c.i.embedder.EclipseLogger - Using platform encoding (Cp1252 actually) to copy filtered resources, i.e. build is platform dependent!
2016-08-04 16:14:02,055 [Worker-628] INFO  o.e.m.c.i.embedder.EclipseLogger - Copying 0 resource
2016-08-04 16:15:38,063 [Worker-622] WARN  o.e.m.c.i.embedder.EclipseLogger - Using platform encoding (Cp1252 actually) to copy filtered resources, i.e. build is platform dependent!
2016-08-04 16:15:38,068 [Worker-622] INFO  o.e.m.c.i.embedder.EclipseLogger - Copying 0 resource
2016-08-04 16:15:38,069 [Worker-622] WARN  o.e.m.c.i.embedder.EclipseLogger - Using platform encoding (Cp1252 actually) to copy filtered resources, i.e. build is platform dependent!
2016-08-04 16:15:38,074 [Worker-622] INFO  o.e.m.c.i.embedder.EclipseLogger - Copying 0 resource
2016-08-04 16:15:59,276 [Worker-626] INFO  o.e.m.i.launch.MavenLaunchDelegate - D:\Selenium\ThirdExercise\maven-test
2016-08-04 16:15:59,276 [Worker-626] INFO  o.e.m.i.launch.MavenLaunchDelegate -  mvn  -B clean
2016-08-04 16:16:01,850 [Worker-622] WARN  o.e.m.c.i.embedder.EclipseLogger - Using platform encoding (Cp1252 actually) to copy filtered resources, i.e. build is platform dependent!
2016-08-04 16:16:01,856 [Worker-622] INFO  o.e.m.c.i.embedder.EclipseLogger - Copying 0 resource
2016-08-04 16:16:01,857 [Worker-622] WARN  o.e.m.c.i.embedder.EclipseLogger - Using platform encoding (Cp1252 actually) to copy filtered resources, i.e. build is platform dependent!
2016-08-04 16:16:01,864 [Worker-622] INFO  o.e.m.c.i.embedder.EclipseLogger - Copying 5 resources
2016-08-04 16:16:19,072 [main] INFO  o.e.m2e.actions.ExecutePomAction - Creating new launch configuration
2016-08-04 16:16:44,198 [Worker-622] WARN  o.e.m.c.i.embedder.EclipseLogger - Using platform encoding (Cp1252 actually) to copy filtered resources, i.e. build is platform dependent!
2016-08-04 16:16:44,202 [Worker-622] INFO  o.e.m.c.i.embedder.EclipseLogger - Copying 0 resource
2016-08-04 16:16:44,203 [Worker-622] WARN  o.e.m.c.i.embedder.EclipseLogger - Using platform encoding (Cp1252 actually) to copy filtered resources, i.e. build is platform dependent!
2016-08-04 16:16:44,209 [Worker-622] INFO  o.e.m.c.i.embedder.EclipseLogger - Copying 1 resource
2016-08-04 16:33:35,409 [Worker-634] WARN  o.e.m.c.i.embedder.EclipseLogger - Using platform encoding (Cp1252 actually) to copy filtered resources, i.e. build is platform dependent!
2016-08-04 16:33:35,413 [Worker-634] INFO  o.e.m.c.i.embedder.EclipseLogger - Copying 0 resource
2016-08-04 16:33:35,418 [Worker-634] WARN  o.e.m.c.i.embedder.EclipseLogger - Using platform encoding (Cp1252 actually) to copy filtered resources, i.e. build is platform dependent!
2016-08-04 16:33:35,422 [Worker-634] INFO  o.e.m.c.i.embedder.EclipseLogger - Copying 0 resource
2016-08-04 16:33:50,967 [Worker-634] WARN  o.e.m.c.i.embedder.EclipseLogger - Using platform encoding (Cp1252 actually) to copy filtered resources, i.e. build is platform dependent!
2016-08-04 16:33:50,971 [Worker-634] INFO  o.e.m.c.i.embedder.EclipseLogger - Copying 0 resource
2016-08-04 16:33:50,972 [Worker-634] WARN  o.e.m.c.i.embedder.EclipseLogger - Using platform encoding (Cp1252 actually) to copy filtered resources, i.e. build is platform dependent!
2016-08-04 16:33:50,977 [Worker-634] INFO  o.e.m.c.i.embedder.EclipseLogger - Copying 0 resource
2016-08-04 16:34:24,565 [Worker-622] WARN  o.e.m.c.i.embedder.EclipseLogger - Using platform encoding (Cp1252 actually) to copy filtered resources, i.e. build is platform dependent!
2016-08-04 16:34:24,570 [Worker-622] INFO  o.e.m.c.i.embedder.EclipseLogger - Copying 0 resource
2016-08-04 16:34:24,571 [Worker-622] WARN  o.e.m.c.i.embedder.EclipseLogger - Using platform encoding (Cp1252 actually) to copy filtered resources, i.e. build is platform dependent!
2016-08-04 16:34:24,575 [Worker-622] INFO  o.e.m.c.i.embedder.EclipseLogger - Copying 0 resource
2016-08-04 16:34:52,554 [Worker-632] WARN  o.e.m.c.i.embedder.EclipseLogger - Using platform encoding (Cp1252 actually) to copy filtered resources, i.e. build is platform dependent!
2016-08-04 16:34:52,559 [Worker-632] INFO  o.e.m.c.i.embedder.EclipseLogger - Copying 0 resource
2016-08-04 16:34:52,560 [Worker-632] WARN  o.e.m.c.i.embedder.EclipseLogger - Using platform encoding (Cp1252 actually) to copy filtered resources, i.e. build is platform dependent!
2016-08-04 16:34:52,563 [Worker-632] INFO  o.e.m.c.i.embedder.EclipseLogger - Copying 0 resource
2016-08-04 16:35:00,684 [Worker-631] WARN  o.e.m.c.i.embedder.EclipseLogger - Using platform encoding (Cp1252 actually) to copy filtered resources, i.e. build is platform dependent!
2016-08-04 16:35:00,688 [Worker-631] INFO  o.e.m.c.i.embedder.EclipseLogger - Copying 0 resource
2016-08-04 16:35:00,689 [Worker-631] WARN  o.e.m.c.i.embedder.EclipseLogger - Using platform encoding (Cp1252 actually) to copy filtered resources, i.e. build is platform dependent!
2016-08-04 16:35:00,693 [Worker-631] INFO  o.e.m.c.i.embedder.EclipseLogger - Copying 0 resource
2016-08-04 16:35:16,823 [Worker-631] WARN  o.e.m.c.i.embedder.EclipseLogger - Using platform encoding (Cp1252 actually) to copy filtered resources, i.e. build is platform dependent!
2016-08-04 16:35:16,827 [Worker-631] INFO  o.e.m.c.i.embedder.EclipseLogger - Copying 0 resource
2016-08-04 16:35:16,828 [Worker-631] WARN  o.e.m.c.i.embedder.EclipseLogger - Using platform encoding (Cp1252 actually) to copy filtered resources, i.e. build is platform dependent!
2016-08-04 16:35:16,832 [Worker-631] INFO  o.e.m.c.i.embedder.EclipseLogger - Copying 0 resource
2016-08-04 16:36:43,404 [Worker-636] WARN  o.e.m.c.i.embedder.EclipseLogger - Using platform encoding (Cp1252 actually) to copy filtered resources, i.e. build is platform dependent!
2016-08-04 16:36:43,410 [Worker-636] INFO  o.e.m.c.i.embedder.EclipseLogger - Copying 0 resource
2016-08-04 16:36:43,411 [Worker-636] WARN  o.e.m.c.i.embedder.EclipseLogger - Using platform encoding (Cp1252 actually) to copy filtered resources, i.e. build is platform dependent!
2016-08-04 16:36:43,417 [Worker-636] INFO  o.e.m.c.i.embedder.EclipseLogger - Copying 0 resource
2016-08-04 16:43:05,430 [Worker-637] WARN  o.e.m.c.i.embedder.EclipseLogger - Using platform encoding (Cp1252 actually) to copy filtered resources, i.e. build is platform dependent!
2016-08-04 16:43:05,434 [Worker-637] INFO  o.e.m.c.i.embedder.EclipseLogger - Copying 0 resource
2016-08-04 16:43:05,434 [Worker-637] WARN  o.e.m.c.i.embedder.EclipseLogger - Using platform encoding (Cp1252 actually) to copy filtered resources, i.e. build is platform dependent!
2016-08-04 16:43:05,438 [Worker-637] INFO  o.e.m.c.i.embedder.EclipseLogger - Copying 0 resource
2016-08-04 16:44:06,492 [Worker-639] WARN  o.e.m.c.i.embedder.EclipseLogger - Using platform encoding (Cp1252 actually) to copy filtered resources, i.e. build is platform dependent!
2016-08-04 16:44:06,497 [Worker-639] INFO  o.e.m.c.i.embedder.EclipseLogger - Copying 0 resource
2016-08-04 16:44:06,498 [Worker-639] WARN  o.e.m.c.i.embedder.EclipseLogger - Using platform encoding (Cp1252 actually) to copy filtered resources, i.e. build is platform dependent!
2016-08-04 16:44:06,502 [Worker-639] INFO  o.e.m.c.i.embedder.EclipseLogger - Copying 5 resources
2016-08-04 16:44:15,518 [Worker-638] WARN  o.e.m.c.i.embedder.EclipseLogger - Using platform encoding (Cp1252 actually) to copy filtered resources, i.e. build is platform dependent!
2016-08-04 16:44:15,523 [Worker-638] INFO  o.e.m.c.i.embedder.EclipseLogger - Copying 0 resource
2016-08-04 16:44:15,523 [Worker-638] WARN  o.e.m.c.i.embedder.EclipseLogger - Using platform encoding (Cp1252 actually) to copy filtered resources, i.e. build is platform dependent!
2016-08-04 16:44:15,528 [Worker-638] INFO  o.e.m.c.i.embedder.EclipseLogger - Copying 0 resource
2016-08-04 16:44:33,745 [Worker-640] WARN  o.e.m.c.i.embedder.EclipseLogger - Using platform encoding (Cp1252 actually) to copy filtered resources, i.e. build is platform dependent!
2016-08-04 16:44:33,750 [Worker-640] INFO  o.e.m.c.i.embedder.EclipseLogger - Copying 0 resource
2016-08-04 16:44:33,751 [Worker-640] WARN  o.e.m.c.i.embedder.EclipseLogger - Using platform encoding (Cp1252 actually) to copy filtered resources, i.e. build is platform dependent!
2016-08-04 16:44:33,755 [Worker-640] INFO  o.e.m.c.i.embedder.EclipseLogger - Copying 0 resource
2016-08-04 16:45:12,476 [Worker-641] INFO  o.e.m.i.launch.MavenLaunchDelegate - D:\Selenium\ThirdExercise\maven-test
2016-08-04 16:45:12,477 [Worker-641] INFO  o.e.m.i.launch.MavenLaunchDelegate -  mvn  -B clean
2016-08-04 16:45:14,458 [Worker-642] WARN  o.e.m.c.i.embedder.EclipseLogger - Using platform encoding (Cp1252 actually) to copy filtered resources, i.e. build is platform dependent!
2016-08-04 16:45:14,467 [Worker-642] INFO  o.e.m.c.i.embedder.EclipseLogger - Copying 0 resource
2016-08-04 16:45:14,468 [Worker-642] WARN  o.e.m.c.i.embedder.EclipseLogger - Using platform encoding (Cp1252 actually) to copy filtered resources, i.e. build is platform dependent!
2016-08-04 16:45:14,475 [Worker-642] INFO  o.e.m.c.i.embedder.EclipseLogger - Copying 5 resources
2016-08-04 16:45:52,422 [Worker-642] WARN  o.e.m.c.i.embedder.EclipseLogger - Using platform encoding (Cp1252 actually) to copy filtered resources, i.e. build is platform dependent!
2016-08-04 16:45:52,426 [Worker-642] INFO  o.e.m.c.i.embedder.EclipseLogger - Copying 0 resource
2016-08-04 16:45:52,426 [Worker-642] WARN  o.e.m.c.i.embedder.EclipseLogger - Using platform encoding (Cp1252 actually) to copy filtered resources, i.e. build is platform dependent!
2016-08-04 16:45:52,430 [Worker-642] INFO  o.e.m.c.i.embedder.EclipseLogger - Copying 0 resource
2016-08-04 16:46:01,524 [Worker-639] WARN  o.e.m.c.i.embedder.EclipseLogger - Using platform encoding (Cp1252 actually) to copy filtered resources, i.e. build is platform dependent!
2016-08-04 16:46:01,531 [Worker-639] INFO  o.e.m.c.i.embedder.EclipseLogger - Copying 0 resource
2016-08-04 16:46:01,532 [Worker-639] WARN  o.e.m.c.i.embedder.EclipseLogger - Using platform encoding (Cp1252 actually) to copy filtered resources, i.e. build is platform dependent!
2016-08-04 16:46:01,536 [Worker-639] INFO  o.e.m.c.i.embedder.EclipseLogger - Copying 0 resource
2016-08-04 16:50:08,739 [Worker-646] WARN  o.e.m.c.i.embedder.EclipseLogger - Using platform encoding (Cp1252 actually) to copy filtered resources, i.e. build is platform dependent!
2016-08-04 16:50:08,745 [Worker-646] INFO  o.e.m.c.i.embedder.EclipseLogger - Copying 0 resource
2016-08-04 16:50:08,747 [Worker-646] WARN  o.e.m.c.i.embedder.EclipseLogger - Using platform encoding (Cp1252 actually) to copy filtered resources, i.e. build is platform dependent!
2016-08-04 16:50:08,754 [Worker-646] INFO  o.e.m.c.i.embedder.EclipseLogger - Copying 5 resources
2016-08-05 09:18:24,250 [Worker-662] WARN  o.e.m.c.i.embedder.EclipseLogger - Using platform encoding (Cp1252 actually) to copy filtered resources, i.e. build is platform dependent!
2016-08-05 09:18:24,255 [Worker-662] INFO  o.e.m.c.i.embedder.EclipseLogger - Copying 0 resource
2016-08-05 09:18:24,256 [Worker-662] WARN  o.e.m.c.i.embedder.EclipseLogger - Using platform encoding (Cp1252 actually) to copy filtered resources, i.e. build is platform dependent!
2016-08-05 09:18:24,262 [Worker-662] INFO  o.e.m.c.i.embedder.EclipseLogger - Copying 5 resources
2016-08-05 09:19:48,933 [Worker-664] WARN  o.e.m.c.i.embedder.EclipseLogger - Using platform encoding (Cp1252 actually) to copy filtered resources, i.e. build is platform dependent!
2016-08-05 09:19:48,938 [Worker-664] INFO  o.e.m.c.i.embedder.EclipseLogger - Copying 0 resource
2016-08-05 09:19:48,939 [Worker-664] WARN  o.e.m.c.i.embedder.EclipseLogger - Using platform encoding (Cp1252 actually) to copy filtered resources, i.e. build is platform dependent!
2016-08-05 09:19:48,944 [Worker-664] INFO  o.e.m.c.i.embedder.EclipseLogger - Copying 0 resource
2016-08-05 09:20:39,255 [Worker-661] WARN  o.e.m.c.i.embedder.EclipseLogger - Using platform encoding (Cp1252 actually) to copy filtered resources, i.e. build is platform dependent!
2016-08-05 09:20:39,260 [Worker-661] INFO  o.e.m.c.i.embedder.EclipseLogger - Copying 0 resource
2016-08-05 09:20:39,261 [Worker-661] WARN  o.e.m.c.i.embedder.EclipseLogger - Using platform encoding (Cp1252 actually) to copy filtered resources, i.e. build is platform dependent!
2016-08-05 09:20:39,265 [Worker-661] INFO  o.e.m.c.i.embedder.EclipseLogger - Copying 0 resource
2016-08-05 09:20:43,393 [Worker-665] WARN  o.e.m.c.i.embedder.EclipseLogger - Using platform encoding (Cp1252 actually) to copy filtered resources, i.e. build is platform dependent!
2016-08-05 09:20:43,399 [Worker-665] INFO  o.e.m.c.i.embedder.EclipseLogger - Copying 0 resource
2016-08-05 09:20:43,400 [Worker-665] WARN  o.e.m.c.i.embedder.EclipseLogger - Using platform encoding (Cp1252 actually) to copy filtered resources, i.e. build is platform dependent!
2016-08-05 09:20:43,406 [Worker-665] INFO  o.e.m.c.i.embedder.EclipseLogger - Copying 0 resource
2016-08-05 09:27:21,680 [Worker-666] INFO  o.e.m.c.i.l.LifecycleMappingFactory - Using org.eclipse.m2e.jdt.JarLifecycleMapping lifecycle mapping for MavenProject: org.sg.selenium:maven-test:0.0.1-SNAPSHOT @ D:\Selenium\ThirdExercise\maven-test\pom.xml.
2016-08-05 09:27:26,210 [Worker-666] INFO  o.e.m.c.i.e.AbstractTransferListenerAdapter - Downloading https://repo.maven.apache.org/maven2/org/testng/testng/6.9.10/testng-6.9.10.pom
2016-08-05 09:27:26,514 [Worker-666] INFO  o.e.m.c.i.e.AbstractTransferListenerAdapter - Downloaded https://repo.maven.apache.org/maven2/org/testng/testng/6.9.10/testng-6.9.10.pom
2016-08-05 09:27:26,840 [Worker-666] INFO  o.e.m.c.i.e.AbstractTransferListenerAdapter - Downloading https://repo.maven.apache.org/maven2/com/beust/jcommander/1.48/jcommander-1.48.pom
2016-08-05 09:27:27,169 [Worker-666] INFO  o.e.m.c.i.e.AbstractTransferListenerAdapter - Downloaded https://repo.maven.apache.org/maven2/com/beust/jcommander/1.48/jcommander-1.48.pom
2016-08-05 09:27:27,471 [Worker-666] INFO  o.e.m.c.i.e.AbstractTransferListenerAdapter - Downloading https://repo.maven.apache.org/maven2/org/sonatype/oss/oss-parent/3/oss-parent-3.pom
2016-08-05 09:27:27,780 [Worker-666] INFO  o.e.m.c.i.e.AbstractTransferListenerAdapter - Downloaded https://repo.maven.apache.org/maven2/org/sonatype/oss/oss-parent/3/oss-parent-3.pom
2016-08-05 09:27:28,309 [Worker-666] INFO  o.e.m.c.i.e.AbstractTransferListenerAdapter - Downloading https://repo.maven.apache.org/maven2/org/testng/testng/6.9.10/testng-6.9.10.jar
2016-08-05 09:27:30,372 [Worker-666] INFO  o.e.m.c.i.e.AbstractTransferListenerAdapter - Downloaded https://repo.maven.apache.org/maven2/org/testng/testng/6.9.10/testng-6.9.10.jar
2016-08-05 09:27:30,656 [Worker-666] INFO  o.e.m.c.i.e.AbstractTransferListenerAdapter - Downloading https://repo.maven.apache.org/maven2/com/beust/jcommander/1.48/jcommander-1.48.jar
2016-08-05 09:27:30,967 [Worker-666] INFO  o.e.m.c.i.e.AbstractTransferListenerAdapter - Downloaded https://repo.maven.apache.org/maven2/com/beust/jcommander/1.48/jcommander-1.48.jar
2016-08-05 09:27:33,200 [Worker-666] WARN  o.e.m.c.i.embedder.EclipseLogger - Using platform encoding (Cp1252 actually) to copy filtered resources, i.e. build is platform dependent!
2016-08-05 09:27:33,207 [Worker-666] INFO  o.e.m.c.i.embedder.EclipseLogger - Copying 0 resource
2016-08-05 09:27:33,208 [Worker-666] WARN  o.e.m.c.i.embedder.EclipseLogger - Using platform encoding (Cp1252 actually) to copy filtered resources, i.e. build is platform dependent!
2016-08-05 09:27:33,212 [Worker-666] INFO  o.e.m.c.i.embedder.EclipseLogger - Copying 0 resource
2016-08-05 09:27:35,323 [Worker-668] WARN  o.e.m.c.i.embedder.EclipseLogger - Using platform encoding (Cp1252 actually) to copy filtered resources, i.e. build is platform dependent!
2016-08-05 09:27:35,330 [Worker-668] INFO  o.e.m.c.i.embedder.EclipseLogger - Copying 0 resource
2016-08-05 09:27:35,331 [Worker-668] WARN  o.e.m.c.i.embedder.EclipseLogger - Using platform encoding (Cp1252 actually) to copy filtered resources, i.e. build is platform dependent!
2016-08-05 09:27:35,337 [Worker-668] INFO  o.e.m.c.i.embedder.EclipseLogger - Copying 5 resources
2016-08-05 09:41:04,776 [Worker-671] WARN  o.e.m.c.i.embedder.EclipseLogger - Using platform encoding (Cp1252 actually) to copy filtered resources, i.e. build is platform dependent!
2016-08-05 09:41:04,783 [Worker-671] INFO  o.e.m.c.i.embedder.EclipseLogger - Copying 0 resource
2016-08-05 09:41:04,784 [Worker-671] WARN  o.e.m.c.i.embedder.EclipseLogger - Using platform encoding (Cp1252 actually) to copy filtered resources, i.e. build is platform dependent!
2016-08-05 09:41:04,790 [Worker-671] INFO  o.e.m.c.i.embedder.EclipseLogger - Copying 5 resources
2016-08-05 09:42:19,168 [Worker-671] WARN  o.e.m.c.i.embedder.EclipseLogger - Using platform encoding (Cp1252 actually) to copy filtered resources, i.e. build is platform dependent!
2016-08-05 09:42:19,176 [Worker-671] INFO  o.e.m.c.i.embedder.EclipseLogger - Copying 0 resource
2016-08-05 09:42:19,178 [Worker-671] WARN  o.e.m.c.i.embedder.EclipseLogger - Using platform encoding (Cp1252 actually) to copy filtered resources, i.e. build is platform dependent!
2016-08-05 09:42:19,184 [Worker-671] INFO  o.e.m.c.i.embedder.EclipseLogger - Copying 5 resources
2016-08-05 09:42:32,866 [Worker-672] WARN  o.e.m.c.i.embedder.EclipseLogger - Using platform encoding (Cp1252 actually) to copy filtered resources, i.e. build is platform dependent!
2016-08-05 09:42:32,874 [Worker-672] INFO  o.e.m.c.i.embedder.EclipseLogger - Copying 0 resource
2016-08-05 09:42:32,876 [Worker-672] WARN  o.e.m.c.i.embedder.EclipseLogger - Using platform encoding (Cp1252 actually) to copy filtered resources, i.e. build is platform dependent!
2016-08-05 09:42:32,884 [Worker-672] INFO  o.e.m.c.i.embedder.EclipseLogger - Copying 0 resource
2016-08-05 09:47:26,691 [Worker-676] WARN  o.e.m.c.i.embedder.EclipseLogger - Using platform encoding (Cp1252 actually) to copy filtered resources, i.e. build is platform dependent!
2016-08-05 09:47:26,695 [Worker-676] INFO  o.e.m.c.i.embedder.EclipseLogger - Copying 0 resource
2016-08-05 09:47:26,696 [Worker-676] WARN  o.e.m.c.i.embedder.EclipseLogger - Using platform encoding (Cp1252 actually) to copy filtered resources, i.e. build is platform dependent!
2016-08-05 09:47:26,701 [Worker-676] INFO  o.e.m.c.i.embedder.EclipseLogger - Copying 5 resources
2016-08-05 09:49:39,922 [Worker-679] WARN  o.e.m.c.i.embedder.EclipseLogger - Using platform encoding (Cp1252 actually) to copy filtered resources, i.e. build is platform dependent!
2016-08-05 09:49:39,933 [Worker-679] INFO  o.e.m.c.i.embedder.EclipseLogger - Copying 0 resource
2016-08-05 09:49:39,935 [Worker-679] WARN  o.e.m.c.i.embedder.EclipseLogger - Using platform encoding (Cp1252 actually) to copy filtered resources, i.e. build is platform dependent!
2016-08-05 09:49:39,945 [Worker-679] INFO  o.e.m.c.i.embedder.EclipseLogger - Copying 5 resources
2016-08-05 09:51:01,828 [Worker-678] WARN  o.e.m.c.i.embedder.EclipseLogger - Using platform encoding (Cp1252 actually) to copy filtered resources, i.e. build is platform dependent!
2016-08-05 09:51:01,834 [Worker-678] INFO  o.e.m.c.i.embedder.EclipseLogger - Copying 0 resource
2016-08-05 09:51:01,839 [Worker-678] WARN  o.e.m.c.i.embedder.EclipseLogger - Using platform encoding (Cp1252 actually) to copy filtered resources, i.e. build is platform dependent!
2016-08-05 09:51:01,844 [Worker-678] INFO  o.e.m.c.i.embedder.EclipseLogger - Copying 5 resources
2016-08-05 09:52:09,672 [Worker-683] WARN  o.e.m.c.i.embedder.EclipseLogger - Using platform encoding (Cp1252 actually) to copy filtered resources, i.e. build is platform dependent!
2016-08-05 09:52:09,677 [Worker-683] INFO  o.e.m.c.i.embedder.EclipseLogger - Copying 0 resource
2016-08-05 09:52:09,679 [Worker-683] WARN  o.e.m.c.i.embedder.EclipseLogger - Using platform encoding (Cp1252 actually) to copy filtered resources, i.e. build is platform dependent!
2016-08-05 09:52:09,685 [Worker-683] INFO  o.e.m.c.i.embedder.EclipseLogger - Copying 5 resources
2016-08-05 09:53:32,059 [Worker-677] WARN  o.e.m.c.i.embedder.EclipseLogger - Using platform encoding (Cp1252 actually) to copy filtered resources, i.e. build is platform dependent!
2016-08-05 09:53:32,064 [Worker-677] INFO  o.e.m.c.i.embedder.EclipseLogger - Copying 0 resource
2016-08-05 09:53:32,065 [Worker-677] WARN  o.e.m.c.i.embedder.EclipseLogger - Using platform encoding (Cp1252 actually) to copy filtered resources, i.e. build is platform dependent!
2016-08-05 09:53:32,074 [Worker-677] INFO  o.e.m.c.i.embedder.EclipseLogger - Copying 5 resources
2016-08-05 10:12:44,331 [Worker-692] WARN  o.e.m.c.i.embedder.EclipseLogger - Using platform encoding (Cp1252 actually) to copy filtered resources, i.e. build is platform dependent!
2016-08-05 10:12:44,336 [Worker-692] INFO  o.e.m.c.i.embedder.EclipseLogger - Copying 0 resource
2016-08-05 10:12:44,337 [Worker-692] WARN  o.e.m.c.i.embedder.EclipseLogger - Using platform encoding (Cp1252 actually) to copy filtered resources, i.e. build is platform dependent!
2016-08-05 10:12:44,343 [Worker-692] INFO  o.e.m.c.i.embedder.EclipseLogger - Copying 5 resources
2016-08-05 10:24:16,021 [Worker-697] WARN  o.e.m.c.i.embedder.EclipseLogger - Using platform encoding (Cp1252 actually) to copy filtered resources, i.e. build is platform dependent!
2016-08-05 10:24:16,025 [Worker-697] INFO  o.e.m.c.i.embedder.EclipseLogger - Copying 0 resource
2016-08-05 10:24:16,026 [Worker-697] WARN  o.e.m.c.i.embedder.EclipseLogger - Using platform encoding (Cp1252 actually) to copy filtered resources, i.e. build is platform dependent!
2016-08-05 10:24:16,031 [Worker-697] INFO  o.e.m.c.i.embedder.EclipseLogger - Copying 5 resources
